#
# A fatal error has been detected by the Java Runtime Environment:
#
#  EXCEPTION_ACCESS_VIOLATION (0xc0000005) at pc=0x00007ffadb976898, pid=8528, tid=11860
#
# JRE version: Java(TM) SE Runtime Environment (12.0.2+10) (build 12.0.2+10)
# Java VM: Java HotSpot(TM) 64-Bit Server VM (12.0.2+10, mixed mode, sharing, tiered, compressed oops, g1 gc, windows-amd64)
# Problematic frame:
# C  [skiko-windows-x64.dll+0x56898]
#
# No core dump will be written. Minidumps are not enabled by default on client versions of Windows
#
# If you would like to submit a bug report, please visit:
#   http://bugreport.java.com/bugreport/crash.jsp
# The crash happened outside the Java Virtual Machine in native code.
# See problematic frame for where to report the bug.
#

---------------  S U M M A R Y ------------

Command Line: -agentlib:jdwp=transport=dt_socket,address=127.0.0.1:50906,suspend=y,server=n -javaagent:C:/Users/bruci/.gradle/caches/modules-2/files-2.1/org.jetbrains.kotlinx/kotlinx-coroutines-core-jvm/1.5.2/f4cc07a50437659e0043e7da762809a46932b6a0/kotlinx-coroutines-core-jvm-1.5.2.jar -javaagent:C:\Users\bruci\AppData\Local\JetBrains\IdeaIC2022.1\captureAgent\debugger-agent.jar=file:/C:/Users/bruci/AppData/Local/Temp/capture.props -Dfile.encoding=UTF-8 com.aveo.presentation.MainKt

Host: Intel(R) Core(TM) i7-9700 CPU @ 3.00GHz, 8 cores, 15G,  Windows 10 , 64 bit Build 22000 (10.0.22000.708)
Time: Sat Jul  9 11:53:31 2022 E. Australia Standard Time elapsed time: 185 seconds (0d 0h 3m 5s)

---------------  T H R E A D  ---------------

Current thread (0x0000015f93825800):  JavaThread "AWT-EventQueue-0" [_thread_in_native, id=11860, stack(0x00000034d3200000,0x00000034d3300000)]

Stack: [0x00000034d3200000,0x00000034d3300000],  sp=0x00000034d32fd3d0,  free space=1012k
Native frames: (J=compiled Java code, j=interpreted, Vv=VM code, C=native code)
C  [skiko-windows-x64.dll+0x56898]

Java frames: (J=compiled Java code, j=interpreted, Vv=VM code)
j  org.jetbrains.skiko.redrawer.Direct3DRedrawer.makeDirectXSurface(JJIII)J+0
j  org.jetbrains.skiko.redrawer.Direct3DRedrawer.makeSurface(JIII)Lorg/jetbrains/skia/Surface;+15
j  org.jetbrains.skiko.context.Direct3DContextHandler.initCanvas()V+156
j  org.jetbrains.skiko.context.ContextHandler.draw()V+21
j  org.jetbrains.skiko.redrawer.Direct3DRedrawer.drawAndSwap(Z)V+21
j  org.jetbrains.skiko.redrawer.Direct3DRedrawer.redrawImmediately()V+116
j  org.jetbrains.skiko.SkiaLayer.paint(Ljava/awt/Graphics;)V+85
j  androidx.compose.ui.awt.ComposeLayer$ComponentImpl.paint(Ljava/awt/Graphics;)V+12
j  javax.swing.JComponent.paintChildren(Ljava/awt/Graphics;)V+523 java.desktop@12.0.2
j  javax.swing.JComponent.paint(Ljava/awt/Graphics;)V+318 java.desktop@12.0.2
j  javax.swing.JLayeredPane.paint(Ljava/awt/Graphics;)V+73 java.desktop@12.0.2
j  javax.swing.JComponent.paintChildren(Ljava/awt/Graphics;)V+523 java.desktop@12.0.2
j  javax.swing.JComponent.paint(Ljava/awt/Graphics;)V+318 java.desktop@12.0.2
j  androidx.compose.ui.window.Window_desktopKt$Window$11$1.invoke(Landroidx/compose/ui/awt/ComposeWindow;)V+70
j  androidx.compose.ui.window.Window_desktopKt$Window$11$1.invoke(Ljava/lang/Object;)Ljava/lang/Object;+5
j  androidx.compose.ui.window.AwtWindow_desktopKt$AwtWindow$3.invoke()V+13
j  androidx.compose.ui.window.AwtWindow_desktopKt$AwtWindow$3.invoke()Ljava/lang/Object;+1
j  androidx.compose.ui.util.UpdateEffect_desktopKt$UpdateEffect$2$performUpdate$2.invoke()V+7
j  androidx.compose.ui.util.UpdateEffect_desktopKt$UpdateEffect$2$performUpdate$2.invoke()Ljava/lang/Object;+1
j  androidx.compose.runtime.snapshots.Snapshot$Companion.observe(Lkotlin/jvm/functions/Function1;Lkotlin/jvm/functions/Function1;Lkotlin/jvm/functions/Function0;)Ljava/lang/Object;+106
j  androidx.compose.runtime.snapshots.SnapshotStateObserver.observeReads(Ljava/lang/Object;Lkotlin/jvm/functions/Function1;Lkotlin/jvm/functions/Function0;)V+480
j  androidx.compose.ui.util.UpdateEffect_desktopKt$UpdateEffect$2.invoke$performUpdate(Landroidx/compose/runtime/snapshots/SnapshotStateObserver;Lkotlinx/coroutines/channels/Channel;Landroidx/compose/runtime/State;)V+28
j  androidx.compose.ui.util.UpdateEffect_desktopKt$UpdateEffect$2.invoke(Landroidx/compose/runtime/DisposableEffectScope;)Landroidx/compose/runtime/DisposableEffectResult;+33
j  androidx.compose.ui.util.UpdateEffect_desktopKt$UpdateEffect$2.invoke(Ljava/lang/Object;)Ljava/lang/Object;+5
j  androidx.compose.runtime.DisposableEffectImpl.onRemembered()V+8
j  androidx.compose.runtime.CompositionImpl$RememberEventDispatcher.dispatchRememberObservers()V+170
j  androidx.compose.runtime.CompositionImpl.applyChanges()V+194
j  androidx.compose.runtime.Recomposer.composeInitial$runtime(Landroidx/compose/runtime/ControlledComposition;Lkotlin/jvm/functions/Function2;)V+234
j  androidx.compose.runtime.CompositionImpl.setContent(Lkotlin/jvm/functions/Function2;)V+55
j  androidx.compose.ui.window.Application_desktopKt$awaitApplication$2$1$2.invokeSuspend(Ljava/lang/Object;)Ljava/lang/Object;+89
j  kotlin.coroutines.jvm.internal.BaseContinuationImpl.resumeWith(Ljava/lang/Object;)V+44
j  kotlinx.coroutines.DispatchedTask.run()V+350
j  java.awt.event.InvocationEvent.dispatch$$$capture()V+47 java.desktop@12.0.2
j  java.awt.event.InvocationEvent.dispatch()V+5 java.desktop@12.0.2
j  java.awt.EventQueue.dispatchEventImpl(Ljava/awt/AWTEvent;Ljava/lang/Object;)V+21 java.desktop@12.0.2
j  java.awt.EventQueue$4.run()Ljava/lang/Void;+32 java.desktop@12.0.2
j  java.awt.EventQueue$4.run()Ljava/lang/Object;+1 java.desktop@12.0.2
j  java.security.AccessController.executePrivileged(Ljava/security/PrivilegedAction;Ljava/security/AccessControlContext;Ljava/lang/Class;)Ljava/lang/Object;+29 java.base@12.0.2
j  java.security.AccessController.doPrivileged(Ljava/security/PrivilegedAction;Ljava/security/AccessControlContext;)Ljava/lang/Object;+13 java.base@12.0.2
j  java.security.ProtectionDomain$JavaSecurityAccessImpl.doIntersectionPrivilege(Ljava/security/PrivilegedAction;Ljava/security/AccessControlContext;Ljava/security/AccessControlContext;)Ljava/lang/Object;+18 java.base@12.0.2
j  java.awt.EventQueue.dispatchEvent(Ljava/awt/AWTEvent;)V+46 java.desktop@12.0.2
j  java.awt.EventDispatchThread.pumpOneEventForFilters(I)V+78 java.desktop@12.0.2
j  java.awt.EventDispatchThread.pumpEventsForFilter(ILjava/awt/Conditional;Ljava/awt/EventFilter;)V+35 java.desktop@12.0.2
j  java.awt.EventDispatchThread.pumpEventsForHierarchy(ILjava/awt/Conditional;Ljava/awt/Component;)V+11 java.desktop@12.0.2
j  java.awt.EventDispatchThread.pumpEvents(ILjava/awt/Conditional;)V+4 java.desktop@12.0.2
j  java.awt.EventDispatchThread.pumpEvents(Ljava/awt/Conditional;)V+3 java.desktop@12.0.2
j  java.awt.EventDispatchThread.run()V+9 java.desktop@12.0.2
v  ~StubRoutines::call_stub

siginfo: EXCEPTION_ACCESS_VIOLATION (0xc0000005), reading address 0x0000000000000000


Register to memory mapping:

RIP=0x00007ffadb976898 skiko-windows-x64.dll
RAX=0x0000b93c9ffea5dd is an unknown value
RBX={method} {0x0000015f9da09d70} 'makeDirectXSurface' '(JJIII)J' in 'org/jetbrains/skiko/redrawer/Direct3DRedrawer'
RCX=0x0 is NULL
RDX=0x0 is NULL
RSP=0x00000034d32fd3d0 is pointing into the stack for thread: 0x0000015f93825800
RBP=0x00000034d32fd4d0 is pointing into the stack for thread: 0x0000015f93825800
RSI=0x0000015f9ce5f660 points into unknown readable memory: d8 90 5e dc fa 7f 00 00
RDI=0x0000015f9438a7e0 points into unknown readable memory: 7c 03 02 00 00 00 00 00
R8 =0x00007ffadc57ecc8 skiko-windows-x64.dll
R9 =0x0000015f9438a828 points into unknown readable memory: 00 00 00 00 00 00 00 00
R10=0x0000015f80015ce7 is at code_begin+1959 in an Interpreter codelet
method entry point (kind = native)  [0x0000015f80015540, 0x0000015f800168e0]  5024 bytes
R11=0x0000000000000112 is an unknown value
R12=0x0 is NULL
R13={method} {0x0000015f9da09d70} 'makeDirectXSurface' '(JJIII)J' in 'org/jetbrains/skiko/redrawer/Direct3DRedrawer'
R14=0x0 is NULL
R15=0x0000015f93825800 is a thread


Registers:
RAX=0x0000b93c9ffea5dd, RBX=0x0000015f9da09d68, RCX=0x0000000000000000, RDX=0x0000000000000000
RSP=0x00000034d32fd3d0, RBP=0x00000034d32fd4d0, RSI=0x0000015f9ce5f660, RDI=0x0000015f9438a7e0
R8 =0x00007ffadc57ecc8, R9 =0x0000015f9438a828, R10=0x0000015f80015ce7, R11=0x0000000000000112
R12=0x0000000000000000, R13=0x0000015f9da09d68, R14=0x0000000000000000, R15=0x0000015f93825800
RIP=0x00007ffadb976898, EFLAGS=0x0000000000010246

Top of Stack: (sp=0x00000034d32fd3d0)
0x00000034d32fd3d0:   0000015f93825800 0000000000000000
0x00000034d32fd3e0:   0000000000000000 0000005000000000
0x00000034d32fd3f0:   0000000000000000 0000000000000000
0x00000034d32fd400:   0000000000000000 0000000000000000
0x00000034d32fd410:   0000000000000000 0000015fff6928e0
0x00000034d32fd420:   0000000000000000 0000000000000000
0x00000034d32fd430:   0000001c00000000 0000000100000001
0x00000034d32fd440:   0000010000000000 0000015f93825800
0x00000034d32fd450:   0000000100000008 00007ffb00000006
0x00000034d32fd460:   0000015fff6928e0 0000004000000003
0x00000034d32fd470:   0000015f93825800 00000034d32fd630
0x00000034d32fd480:   0000015f9da09d68 00007ffb0ffbe6b9
0x00000034d32fd490:   000000000010bcc8 0000015ffecdb1f8
0x00000034d32fd4a0:   0000015f93825800 0000015f93825800
0x00000034d32fd4b0:   0000015f938207b0 00007ffb101c7843
0x00000034d32fd4c0:   00000034d32ff2e0 0000015ffecdb1f8 

Instructions: (pc=0x00007ffadb976898)
0x00007ffadb976798:   4c 24 30 48 85 c9 74 06 48 8b 01 ff 50 10 48 8b
0x00007ffadb9767a8:   4c 24 28 48 85 c9 74 06 48 8b 11 ff 52 10 48 8b
0x00007ffadb9767b8:   4c 24 20 48 85 c9 74 06 48 8b 11 ff 52 10 48 8b
0x00007ffadb9767c8:   5c 24 60 48 8b c7 48 83 c4 50 5f c3 cc cc cc cc
0x00007ffadb9767d8:   cc cc cc cc cc cc cc cc cc cc cc cc cc cc cc cc
0x00007ffadb9767e8:   cc cc cc cc cc cc cc cc cc cc cc cc cc cc cc cc
0x00007ffadb9767f8:   cc cc cc cc cc cc cc cc cc cc cc cc cc cc cc cc
0x00007ffadb976808:   cc cc cc cc cc cc cc cc cc cc cc cc cc cc cc cc
0x00007ffadb976818:   cc cc cc cc cc cc cc cc 48 89 5c 24 08 48 89 74
0x00007ffadb976828:   24 10 55 57 41 56 48 8d 6c 24 c0 48 81 ec 40 01
0x00007ffadb976838:   00 00 48 8b 05 87 ee e8 00 48 33 c4 48 89 45 38
0x00007ffadb976848:   49 8b 48 38 49 8b f1 48 63 95 90 00 00 00 4d 8d
0x00007ffadb976858:   48 48 0f 57 c0 c7 44 24 64 1c 00 00 00 45 33 f6
0x00007ffadb976868:   c7 44 24 68 01 00 00 00 f3 0f 7f 44 24 50 44 89
0x00007ffadb976878:   74 24 60 49 8d 3c d0 48 c7 44 24 6c 01 00 00 00
0x00007ffadb976888:   4d 8d 0c d1 44 88 74 24 74 4c 8d 05 30 84 c0 00
0x00007ffadb976898:   48 8b 01 ff 50 48 48 8d 44 24 50 48 83 c7 48 48
0x00007ffadb9768a8:   3b c7 74 26 48 8b 1f 48 85 db 74 09 48 8b 03 48
0x00007ffadb9768b8:   8b cb ff 50 08 48 8b 4c 24 50 48 89 5c 24 50 48
0x00007ffadb9768c8:   85 c9 74 06 48 8b 01 ff 50 10 33 d2 48 8d 4c 24
0x00007ffadb9768d8:   78 44 8d 42 01 e8 d5 76 fb ff 48 8b 3f 48 8d 55
0x00007ffadb9768e8:   c8 48 8b cf 48 8b 07 ff 50 50 4c 8b 07 48 8d 55
0x00007ffadb9768f8:   00 48 8b cf 48 8b d8 41 ff 50 50 44 8b 43 18 4c
0x00007ffadb976908:   8d 4c 24 50 48 8d 4d 90 8b 50 10 e8 cf c7 fc ff
0x00007ffadb976918:   48 8d 4d 88 e8 f2 14 fc ff 4c 89 74 24 48 48 8d
0x00007ffadb976928:   4c 24 78 4c 89 74 24 40 4c 8d 45 90 48 89 4c 24
0x00007ffadb976938:   38 45 33 c9 48 89 44 24 30 48 8d 4d 80 c7 44 24
0x00007ffadb976948:   28 04 00 00 00 48 8b d6 44 89 74 24 20 e8 f7 22
0x00007ffadb976958:   fb ff bb ff ff ff ff 48 8b 38 4c 89 30 48 8b 4d
0x00007ffadb976968:   80 48 85 c9 74 12 8b c3 f0 0f c1 41 08 83 f8 01
0x00007ffadb976978:   75 06 48 8b 01 ff 50 08 48 8d 4d 90 e8 aa da fc
0x00007ffadb976988:   ff 48 8b 4c 24 58 48 85 c9 74 10 f0 0f c1 59 08 


Stack slot to memory mapping:
stack at sp + 0 slots: 0x0000015f93825800 is a thread
stack at sp + 1 slots: 0x0 is NULL
stack at sp + 2 slots: 0x0 is NULL
stack at sp + 3 slots: 0x0000005000000000 is an unknown value
stack at sp + 4 slots: 0x0 is NULL
stack at sp + 5 slots: 0x0 is NULL
stack at sp + 6 slots: 0x0 is NULL
stack at sp + 7 slots: 0x0 is NULL


---------------  P R O C E S S  ---------------

Threads class SMR info:
_java_thread_list=0x0000015f93809c30, length=21, elements={
0x0000015fec3a5800, 0x0000015ffec9d800, 0x0000015ffec9e800, 0x0000015ffecc4000,
0x0000015ffecc5000, 0x0000015ffecc7800, 0x0000015ffecca800, 0x0000015ffecce000,
0x0000015fff550800, 0x0000015fff6fe000, 0x0000015f9302a000, 0x0000015f93099800,
0x0000015f9367c800, 0x0000015f93664000, 0x0000015f93825800, 0x0000015f92feb800,
0x0000015f9413a000, 0x0000015f941a4800, 0x0000015f941ab800, 0x0000015f941bc000,
0x0000015f941e7000
}

Java Threads: ( => current thread )
  0x0000015fec3a5800 JavaThread "main" [_thread_blocked, id=5992, stack(0x00000034d1300000,0x00000034d1400000)]
  0x0000015ffec9d800 JavaThread "Reference Handler" daemon [_thread_blocked, id=11804, stack(0x00000034d1a00000,0x00000034d1b00000)]
  0x0000015ffec9e800 JavaThread "Finalizer" daemon [_thread_blocked, id=11924, stack(0x00000034d1b00000,0x00000034d1c00000)]
  0x0000015ffecc4000 JavaThread "Signal Dispatcher" daemon [_thread_blocked, id=19480, stack(0x00000034d1c00000,0x00000034d1d00000)]
  0x0000015ffecc5000 JavaThread "Attach Listener" daemon [_thread_blocked, id=17820, stack(0x00000034d1d00000,0x00000034d1e00000)]
  0x0000015ffecc7800 JavaThread "C2 CompilerThread0" daemon [_thread_blocked, id=23708, stack(0x00000034d1e00000,0x00000034d1f00000)]
  0x0000015ffecca800 JavaThread "C1 CompilerThread0" daemon [_thread_blocked, id=16756, stack(0x00000034d1f00000,0x00000034d2000000)]
  0x0000015ffecce000 JavaThread "Sweeper thread" daemon [_thread_blocked, id=24260, stack(0x00000034d2000000,0x00000034d2100000)]
  0x0000015fff550800 JavaThread "Common-Cleaner" daemon [_thread_blocked, id=19644, stack(0x00000034d2100000,0x00000034d2200000)]
  0x0000015fff6fe000 JavaThread "JDWP Event Helper Thread" daemon [_thread_blocked, id=7832, stack(0x00000034d2400000,0x00000034d2500000)]
  0x0000015f9302a000 JavaThread "Coroutines Debugger Cleaner" daemon [_thread_blocked, id=14396, stack(0x00000034d2700000,0x00000034d2800000)]
  0x0000015f93099800 JavaThread "Service Thread" daemon [_thread_blocked, id=3584, stack(0x00000034d2800000,0x00000034d2900000)]
  0x0000015f9367c800 JavaThread "Java2D Disposer" daemon [_thread_blocked, id=16256, stack(0x00000034d2a00000,0x00000034d2b00000)]
  0x0000015f93664000 JavaThread "AWT-Shutdown" [_thread_blocked, id=17908, stack(0x00000034d2b00000,0x00000034d2c00000)]
=>0x0000015f93825800 JavaThread "AWT-EventQueue-0" [_thread_in_native, id=11860, stack(0x00000034d3200000,0x00000034d3300000)]
  0x0000015f92feb800 JavaThread "Reference Cleaner" daemon [_thread_blocked, id=9204, stack(0x00000034d2600000,0x00000034d2700000)]
  0x0000015f9413a000 JavaThread "DefaultDispatcher-worker-1" daemon [_thread_blocked, id=17784, stack(0x00000034d3500000,0x00000034d3600000)]
  0x0000015f941a4800 JavaThread "DefaultDispatcher-worker-2" daemon [_thread_blocked, id=17456, stack(0x00000034d3600000,0x00000034d3700000)]
  0x0000015f941ab800 JavaThread "DefaultDispatcher-worker-3" daemon [_thread_blocked, id=22784, stack(0x00000034d3700000,0x00000034d3800000)]
  0x0000015f941bc000 JavaThread "kotlinx.coroutines.DefaultExecutor" daemon [_thread_blocked, id=22236, stack(0x00000034d3800000,0x00000034d3900000)]
  0x0000015f941e7000 JavaThread "SIGINT handler" daemon [_thread_blocked, id=21524, stack(0x00000034d1100000,0x00000034d1200000)]

Other Threads:
  0x0000015ffec9a000 VMThread "VM Thread" [stack: 0x00000034d1900000,0x00000034d1a00000] [id=5836]
  0x0000015f930aa800 WatcherThread [stack: 0x00000034d2900000,0x00000034d2a00000] [id=3272]
  0x0000015fec40d800 GCTaskThread "GC Thread#0" [stack: 0x00000034d1400000,0x00000034d1500000] [id=23664]
  0x0000015f93668000 GCTaskThread "GC Thread#1" [stack: 0x00000034d2d00000,0x00000034d2e00000] [id=24332]
  0x0000015f93656000 GCTaskThread "GC Thread#2" [stack: 0x00000034d2e00000,0x00000034d2f00000] [id=2588]
  0x0000015f93657000 GCTaskThread "GC Thread#3" [stack: 0x00000034d2f00000,0x00000034d3000000] [id=1436]
  0x0000015f93801800 GCTaskThread "GC Thread#4" [stack: 0x00000034d3000000,0x00000034d3100000] [id=2996]
  0x0000015f93802000 GCTaskThread "GC Thread#5" [stack: 0x00000034d3100000,0x00000034d3200000] [id=23132]
  0x0000015fec427000 ConcurrentGCThread "G1 Main Marker" [stack: 0x00000034d1500000,0x00000034d1600000] [id=24340]
  0x0000015fec428800 ConcurrentGCThread "G1 Conc#0" [stack: 0x00000034d1600000,0x00000034d1700000] [id=4704]
  0x0000015fec47e000 ConcurrentGCThread "G1 Refine#0" [stack: 0x00000034d1700000,0x00000034d1800000] [id=18016]
  0x0000015ffeb98800 ConcurrentGCThread "G1 Young RemSet Sampling" [stack: 0x00000034d1800000,0x00000034d1900000] [id=3512]

Threads with active compile tasks:

VM state:not at safepoint (normal execution)

VM Mutex/Monitor currently owned by a thread: None

Heap address: 0x0000000702000000, size: 4064 MB, Compressed Oops mode: Zero based, Oop shift amount: 3
Narrow klass base: 0x0000000800000000, Narrow klass shift: 3
Compressed class space size: 1073741824 Address: 0x0000000801190000

Heap:
 garbage-first heap   total 260096K, used 87463K [0x0000000702000000, 0x0000000800000000)
  region size 1024K, 86 young (88064K), 3 survivors (3072K)
 Metaspace       used 20249K, capacity 20553K, committed 20864K, reserved 1067008K
  class space    used 2214K, capacity 2363K, committed 2432K, reserved 1048576K
Heap Regions: E=young(eden), S=young(survivor), O=old, HS=humongous(starts), HC=humongous(continues), CS=collection set, F=free, A=archive, TAMS=top-at-mark-start (previous, next)
|   0|0x0000000702000000, 0x0000000702000000, 0x0000000702100000|  0%| F|  |TAMS 0x0000000702000000, 0x0000000702000000| Untracked 
|   1|0x0000000702100000, 0x0000000702100000, 0x0000000702200000|  0%| F|  |TAMS 0x0000000702100000, 0x0000000702100000| Untracked 
|   2|0x0000000702200000, 0x0000000702200000, 0x0000000702300000|  0%| F|  |TAMS 0x0000000702200000, 0x0000000702200000| Untracked 
|   3|0x0000000702300000, 0x0000000702369c00, 0x0000000702400000| 41%| O|  |TAMS 0x0000000702300000, 0x0000000702300000| Untracked 
|   4|0x0000000702400000, 0x0000000702400000, 0x0000000702500000|  0%| F|  |TAMS 0x0000000702400000, 0x0000000702400000| Untracked 
|   5|0x0000000702500000, 0x0000000702500000, 0x0000000702600000|  0%| F|  |TAMS 0x0000000702500000, 0x0000000702500000| Untracked 
|   6|0x0000000702600000, 0x0000000702600000, 0x0000000702700000|  0%| F|  |TAMS 0x0000000702600000, 0x0000000702600000| Untracked 
|   7|0x0000000702700000, 0x0000000702700000, 0x0000000702800000|  0%| F|  |TAMS 0x0000000702700000, 0x0000000702700000| Untracked 
|   8|0x0000000702800000, 0x0000000702800000, 0x0000000702900000|  0%| F|  |TAMS 0x0000000702800000, 0x0000000702800000| Untracked 
|   9|0x0000000702900000, 0x0000000702900000, 0x0000000702a00000|  0%| F|  |TAMS 0x0000000702900000, 0x0000000702900000| Untracked 
|  10|0x0000000702a00000, 0x0000000702a00000, 0x0000000702b00000|  0%| F|  |TAMS 0x0000000702a00000, 0x0000000702a00000| Untracked 
|  11|0x0000000702b00000, 0x0000000702b00000, 0x0000000702c00000|  0%| F|  |TAMS 0x0000000702b00000, 0x0000000702b00000| Untracked 
|  12|0x0000000702c00000, 0x0000000702c00000, 0x0000000702d00000|  0%| F|  |TAMS 0x0000000702c00000, 0x0000000702c00000| Untracked 
|  13|0x0000000702d00000, 0x0000000702d00000, 0x0000000702e00000|  0%| F|  |TAMS 0x0000000702d00000, 0x0000000702d00000| Untracked 
|  14|0x0000000702e00000, 0x0000000702e00000, 0x0000000702f00000|  0%| F|  |TAMS 0x0000000702e00000, 0x0000000702e00000| Untracked 
|  15|0x0000000702f00000, 0x0000000702f00000, 0x0000000703000000|  0%| F|  |TAMS 0x0000000702f00000, 0x0000000702f00000| Untracked 
|  16|0x0000000703000000, 0x0000000703000000, 0x0000000703100000|  0%| F|  |TAMS 0x0000000703000000, 0x0000000703000000| Untracked 
|  17|0x0000000703100000, 0x0000000703100000, 0x0000000703200000|  0%| F|  |TAMS 0x0000000703100000, 0x0000000703100000| Untracked 
|  18|0x0000000703200000, 0x0000000703200000, 0x0000000703300000|  0%| F|  |TAMS 0x0000000703200000, 0x0000000703200000| Untracked 
|  19|0x0000000703300000, 0x0000000703300000, 0x0000000703400000|  0%| F|  |TAMS 0x0000000703300000, 0x0000000703300000| Untracked 
|  20|0x0000000703400000, 0x0000000703400000, 0x0000000703500000|  0%| F|  |TAMS 0x0000000703400000, 0x0000000703400000| Untracked 
|  21|0x0000000703500000, 0x0000000703500000, 0x0000000703600000|  0%| F|  |TAMS 0x0000000703500000, 0x0000000703500000| Untracked 
|  22|0x0000000703600000, 0x0000000703600000, 0x0000000703700000|  0%| F|  |TAMS 0x0000000703600000, 0x0000000703600000| Untracked 
|  23|0x0000000703700000, 0x0000000703700000, 0x0000000703800000|  0%| F|  |TAMS 0x0000000703700000, 0x0000000703700000| Untracked 
|  24|0x0000000703800000, 0x0000000703800000, 0x0000000703900000|  0%| F|  |TAMS 0x0000000703800000, 0x0000000703800000| Untracked 
|  25|0x0000000703900000, 0x0000000703900000, 0x0000000703a00000|  0%| F|  |TAMS 0x0000000703900000, 0x0000000703900000| Untracked 
|  26|0x0000000703a00000, 0x0000000703a00000, 0x0000000703b00000|  0%| F|  |TAMS 0x0000000703a00000, 0x0000000703a00000| Untracked 
|  27|0x0000000703b00000, 0x0000000703b00000, 0x0000000703c00000|  0%| F|  |TAMS 0x0000000703b00000, 0x0000000703b00000| Untracked 
|  28|0x0000000703c00000, 0x0000000703c00000, 0x0000000703d00000|  0%| F|  |TAMS 0x0000000703c00000, 0x0000000703c00000| Untracked 
|  29|0x0000000703d00000, 0x0000000703d00000, 0x0000000703e00000|  0%| F|  |TAMS 0x0000000703d00000, 0x0000000703d00000| Untracked 
|  30|0x0000000703e00000, 0x0000000703e00000, 0x0000000703f00000|  0%| F|  |TAMS 0x0000000703e00000, 0x0000000703e00000| Untracked 
|  31|0x0000000703f00000, 0x0000000703f00000, 0x0000000704000000|  0%| F|  |TAMS 0x0000000703f00000, 0x0000000703f00000| Untracked 
|  32|0x0000000704000000, 0x0000000704000000, 0x0000000704100000|  0%| F|  |TAMS 0x0000000704000000, 0x0000000704000000| Untracked 
|  33|0x0000000704100000, 0x0000000704100000, 0x0000000704200000|  0%| F|  |TAMS 0x0000000704100000, 0x0000000704100000| Untracked 
|  34|0x0000000704200000, 0x0000000704200000, 0x0000000704300000|  0%| F|  |TAMS 0x0000000704200000, 0x0000000704200000| Untracked 
|  35|0x0000000704300000, 0x0000000704300000, 0x0000000704400000|  0%| F|  |TAMS 0x0000000704300000, 0x0000000704300000| Untracked 
|  36|0x0000000704400000, 0x0000000704400000, 0x0000000704500000|  0%| F|  |TAMS 0x0000000704400000, 0x0000000704400000| Untracked 
|  37|0x0000000704500000, 0x0000000704500000, 0x0000000704600000|  0%| F|  |TAMS 0x0000000704500000, 0x0000000704500000| Untracked 
|  38|0x0000000704600000, 0x0000000704600000, 0x0000000704700000|  0%| F|  |TAMS 0x0000000704600000, 0x0000000704600000| Untracked 
|  39|0x0000000704700000, 0x0000000704700000, 0x0000000704800000|  0%| F|  |TAMS 0x0000000704700000, 0x0000000704700000| Untracked 
|  40|0x0000000704800000, 0x0000000704800000, 0x0000000704900000|  0%| F|  |TAMS 0x0000000704800000, 0x0000000704800000| Untracked 
|  41|0x0000000704900000, 0x0000000704900000, 0x0000000704a00000|  0%| F|  |TAMS 0x0000000704900000, 0x0000000704900000| Untracked 
|  42|0x0000000704a00000, 0x0000000704a00000, 0x0000000704b00000|  0%| F|  |TAMS 0x0000000704a00000, 0x0000000704a00000| Untracked 
|  43|0x0000000704b00000, 0x0000000704b00000, 0x0000000704c00000|  0%| F|  |TAMS 0x0000000704b00000, 0x0000000704b00000| Untracked 
|  44|0x0000000704c00000, 0x0000000704c00000, 0x0000000704d00000|  0%| F|  |TAMS 0x0000000704c00000, 0x0000000704c00000| Untracked 
|  45|0x0000000704d00000, 0x0000000704d00000, 0x0000000704e00000|  0%| F|  |TAMS 0x0000000704d00000, 0x0000000704d00000| Untracked 
|  46|0x0000000704e00000, 0x0000000704e00000, 0x0000000704f00000|  0%| F|  |TAMS 0x0000000704e00000, 0x0000000704e00000| Untracked 
|  47|0x0000000704f00000, 0x0000000704f00000, 0x0000000705000000|  0%| F|  |TAMS 0x0000000704f00000, 0x0000000704f00000| Untracked 
|  48|0x0000000705000000, 0x0000000705000000, 0x0000000705100000|  0%| F|  |TAMS 0x0000000705000000, 0x0000000705000000| Untracked 
|  49|0x0000000705100000, 0x0000000705100000, 0x0000000705200000|  0%| F|  |TAMS 0x0000000705100000, 0x0000000705100000| Untracked 
|  50|0x0000000705200000, 0x0000000705200000, 0x0000000705300000|  0%| F|  |TAMS 0x0000000705200000, 0x0000000705200000| Untracked 
|  51|0x0000000705300000, 0x0000000705300000, 0x0000000705400000|  0%| F|  |TAMS 0x0000000705300000, 0x0000000705300000| Untracked 
|  52|0x0000000705400000, 0x0000000705400000, 0x0000000705500000|  0%| F|  |TAMS 0x0000000705400000, 0x0000000705400000| Untracked 
|  53|0x0000000705500000, 0x0000000705500000, 0x0000000705600000|  0%| F|  |TAMS 0x0000000705500000, 0x0000000705500000| Untracked 
|  54|0x0000000705600000, 0x0000000705600000, 0x0000000705700000|  0%| F|  |TAMS 0x0000000705600000, 0x0000000705600000| Untracked 
|  55|0x0000000705700000, 0x0000000705700000, 0x0000000705800000|  0%| F|  |TAMS 0x0000000705700000, 0x0000000705700000| Untracked 
|  56|0x0000000705800000, 0x0000000705800000, 0x0000000705900000|  0%| F|  |TAMS 0x0000000705800000, 0x0000000705800000| Untracked 
|  57|0x0000000705900000, 0x0000000705900000, 0x0000000705a00000|  0%| F|  |TAMS 0x0000000705900000, 0x0000000705900000| Untracked 
|  58|0x0000000705a00000, 0x0000000705a00000, 0x0000000705b00000|  0%| F|  |TAMS 0x0000000705a00000, 0x0000000705a00000| Untracked 
|  59|0x0000000705b00000, 0x0000000705b00000, 0x0000000705c00000|  0%| F|  |TAMS 0x0000000705b00000, 0x0000000705b00000| Untracked 
|  60|0x0000000705c00000, 0x0000000705c00000, 0x0000000705d00000|  0%| F|  |TAMS 0x0000000705c00000, 0x0000000705c00000| Untracked 
|  61|0x0000000705d00000, 0x0000000705d00000, 0x0000000705e00000|  0%| F|  |TAMS 0x0000000705d00000, 0x0000000705d00000| Untracked 
|  62|0x0000000705e00000, 0x0000000705e00000, 0x0000000705f00000|  0%| F|  |TAMS 0x0000000705e00000, 0x0000000705e00000| Untracked 
|  63|0x0000000705f00000, 0x0000000705f00000, 0x0000000706000000|  0%| F|  |TAMS 0x0000000705f00000, 0x0000000705f00000| Untracked 
|  64|0x0000000706000000, 0x0000000706000000, 0x0000000706100000|  0%| F|  |TAMS 0x0000000706000000, 0x0000000706000000| Untracked 
|  65|0x0000000706100000, 0x0000000706100000, 0x0000000706200000|  0%| F|  |TAMS 0x0000000706100000, 0x0000000706100000| Untracked 
|  66|0x0000000706200000, 0x0000000706200000, 0x0000000706300000|  0%| F|  |TAMS 0x0000000706200000, 0x0000000706200000| Untracked 
|  67|0x0000000706300000, 0x0000000706300000, 0x0000000706400000|  0%| F|  |TAMS 0x0000000706300000, 0x0000000706300000| Untracked 
|  68|0x0000000706400000, 0x0000000706400000, 0x0000000706500000|  0%| F|  |TAMS 0x0000000706400000, 0x0000000706400000| Untracked 
|  69|0x0000000706500000, 0x0000000706500000, 0x0000000706600000|  0%| F|  |TAMS 0x0000000706500000, 0x0000000706500000| Untracked 
|  70|0x0000000706600000, 0x0000000706600000, 0x0000000706700000|  0%| F|  |TAMS 0x0000000706600000, 0x0000000706600000| Untracked 
|  71|0x0000000706700000, 0x0000000706700000, 0x0000000706800000|  0%| F|  |TAMS 0x0000000706700000, 0x0000000706700000| Untracked 
|  72|0x0000000706800000, 0x0000000706800000, 0x0000000706900000|  0%| F|  |TAMS 0x0000000706800000, 0x0000000706800000| Untracked 
|  73|0x0000000706900000, 0x0000000706900000, 0x0000000706a00000|  0%| F|  |TAMS 0x0000000706900000, 0x0000000706900000| Untracked 
|  74|0x0000000706a00000, 0x0000000706a00000, 0x0000000706b00000|  0%| F|  |TAMS 0x0000000706a00000, 0x0000000706a00000| Untracked 
|  75|0x0000000706b00000, 0x0000000706b00000, 0x0000000706c00000|  0%| F|  |TAMS 0x0000000706b00000, 0x0000000706b00000| Untracked 
|  76|0x0000000706c00000, 0x0000000706c00000, 0x0000000706d00000|  0%| F|  |TAMS 0x0000000706c00000, 0x0000000706c00000| Untracked 
|  77|0x0000000706d00000, 0x0000000706d00000, 0x0000000706e00000|  0%| F|  |TAMS 0x0000000706d00000, 0x0000000706d00000| Untracked 
|  78|0x0000000706e00000, 0x0000000706e00000, 0x0000000706f00000|  0%| F|  |TAMS 0x0000000706e00000, 0x0000000706e00000| Untracked 
|  79|0x0000000706f00000, 0x0000000706f00000, 0x0000000707000000|  0%| F|  |TAMS 0x0000000706f00000, 0x0000000706f00000| Untracked 
|  80|0x0000000707000000, 0x0000000707000000, 0x0000000707100000|  0%| F|  |TAMS 0x0000000707000000, 0x0000000707000000| Untracked 
|  81|0x0000000707100000, 0x0000000707100000, 0x0000000707200000|  0%| F|  |TAMS 0x0000000707100000, 0x0000000707100000| Untracked 
|  82|0x0000000707200000, 0x0000000707200000, 0x0000000707300000|  0%| F|  |TAMS 0x0000000707200000, 0x0000000707200000| Untracked 
|  83|0x0000000707300000, 0x0000000707300000, 0x0000000707400000|  0%| F|  |TAMS 0x0000000707300000, 0x0000000707300000| Untracked 
|  84|0x0000000707400000, 0x0000000707400000, 0x0000000707500000|  0%| F|  |TAMS 0x0000000707400000, 0x0000000707400000| Untracked 
|  85|0x0000000707500000, 0x0000000707500000, 0x0000000707600000|  0%| F|  |TAMS 0x0000000707500000, 0x0000000707500000| Untracked 
|  86|0x0000000707600000, 0x0000000707600000, 0x0000000707700000|  0%| F|  |TAMS 0x0000000707600000, 0x0000000707600000| Untracked 
|  87|0x0000000707700000, 0x0000000707700000, 0x0000000707800000|  0%| F|  |TAMS 0x0000000707700000, 0x0000000707700000| Untracked 
|  88|0x0000000707800000, 0x0000000707800000, 0x0000000707900000|  0%| F|  |TAMS 0x0000000707800000, 0x0000000707800000| Untracked 
|  89|0x0000000707900000, 0x0000000707900000, 0x0000000707a00000|  0%| F|  |TAMS 0x0000000707900000, 0x0000000707900000| Untracked 
|  90|0x0000000707a00000, 0x0000000707a00000, 0x0000000707b00000|  0%| F|  |TAMS 0x0000000707a00000, 0x0000000707a00000| Untracked 
|  91|0x0000000707b00000, 0x0000000707b00000, 0x0000000707c00000|  0%| F|  |TAMS 0x0000000707b00000, 0x0000000707b00000| Untracked 
|  92|0x0000000707c00000, 0x0000000707c00000, 0x0000000707d00000|  0%| F|  |TAMS 0x0000000707c00000, 0x0000000707c00000| Untracked 
|  93|0x0000000707d00000, 0x0000000707d00000, 0x0000000707e00000|  0%| F|  |TAMS 0x0000000707d00000, 0x0000000707d00000| Untracked 
|  94|0x0000000707e00000, 0x0000000707e00000, 0x0000000707f00000|  0%| F|  |TAMS 0x0000000707e00000, 0x0000000707e00000| Untracked 
|  95|0x0000000707f00000, 0x0000000707f00000, 0x0000000708000000|  0%| F|  |TAMS 0x0000000707f00000, 0x0000000707f00000| Untracked 
|  96|0x0000000708000000, 0x0000000708000000, 0x0000000708100000|  0%| F|  |TAMS 0x0000000708000000, 0x0000000708000000| Untracked 
|  97|0x0000000708100000, 0x0000000708100000, 0x0000000708200000|  0%| F|  |TAMS 0x0000000708100000, 0x0000000708100000| Untracked 
|  98|0x0000000708200000, 0x0000000708200000, 0x0000000708300000|  0%| F|  |TAMS 0x0000000708200000, 0x0000000708200000| Untracked 
|  99|0x0000000708300000, 0x0000000708300000, 0x0000000708400000|  0%| F|  |TAMS 0x0000000708300000, 0x0000000708300000| Untracked 
| 100|0x0000000708400000, 0x0000000708400000, 0x0000000708500000|  0%| F|  |TAMS 0x0000000708400000, 0x0000000708400000| Untracked 
| 101|0x0000000708500000, 0x0000000708500000, 0x0000000708600000|  0%| F|  |TAMS 0x0000000708500000, 0x0000000708500000| Untracked 
| 102|0x0000000708600000, 0x0000000708600000, 0x0000000708700000|  0%| F|  |TAMS 0x0000000708600000, 0x0000000708600000| Untracked 
| 103|0x0000000708700000, 0x0000000708700000, 0x0000000708800000|  0%| F|  |TAMS 0x0000000708700000, 0x0000000708700000| Untracked 
| 104|0x0000000708800000, 0x0000000708800000, 0x0000000708900000|  0%| F|  |TAMS 0x0000000708800000, 0x0000000708800000| Untracked 
| 105|0x0000000708900000, 0x0000000708900000, 0x0000000708a00000|  0%| F|  |TAMS 0x0000000708900000, 0x0000000708900000| Untracked 
| 106|0x0000000708a00000, 0x0000000708a00000, 0x0000000708b00000|  0%| F|  |TAMS 0x0000000708a00000, 0x0000000708a00000| Untracked 
| 107|0x0000000708b00000, 0x0000000708b00000, 0x0000000708c00000|  0%| F|  |TAMS 0x0000000708b00000, 0x0000000708b00000| Untracked 
| 108|0x0000000708c00000, 0x0000000708c00000, 0x0000000708d00000|  0%| F|  |TAMS 0x0000000708c00000, 0x0000000708c00000| Untracked 
| 109|0x0000000708d00000, 0x0000000708d00000, 0x0000000708e00000|  0%| F|  |TAMS 0x0000000708d00000, 0x0000000708d00000| Untracked 
| 110|0x0000000708e00000, 0x0000000708e00000, 0x0000000708f00000|  0%| F|  |TAMS 0x0000000708e00000, 0x0000000708e00000| Untracked 
| 111|0x0000000708f00000, 0x0000000708f00000, 0x0000000709000000|  0%| F|  |TAMS 0x0000000708f00000, 0x0000000708f00000| Untracked 
| 112|0x0000000709000000, 0x0000000709000000, 0x0000000709100000|  0%| F|  |TAMS 0x0000000709000000, 0x0000000709000000| Untracked 
| 113|0x0000000709100000, 0x0000000709100000, 0x0000000709200000|  0%| F|  |TAMS 0x0000000709100000, 0x0000000709100000| Untracked 
| 114|0x0000000709200000, 0x0000000709200000, 0x0000000709300000|  0%| F|  |TAMS 0x0000000709200000, 0x0000000709200000| Untracked 
| 115|0x0000000709300000, 0x0000000709300000, 0x0000000709400000|  0%| F|  |TAMS 0x0000000709300000, 0x0000000709300000| Untracked 
| 116|0x0000000709400000, 0x0000000709400000, 0x0000000709500000|  0%| F|  |TAMS 0x0000000709400000, 0x0000000709400000| Untracked 
| 117|0x0000000709500000, 0x0000000709500000, 0x0000000709600000|  0%| F|  |TAMS 0x0000000709500000, 0x0000000709500000| Untracked 
| 118|0x0000000709600000, 0x0000000709600000, 0x0000000709700000|  0%| F|  |TAMS 0x0000000709600000, 0x0000000709600000| Untracked 
| 119|0x0000000709700000, 0x0000000709700000, 0x0000000709800000|  0%| F|  |TAMS 0x0000000709700000, 0x0000000709700000| Untracked 
| 120|0x0000000709800000, 0x0000000709800000, 0x0000000709900000|  0%| F|  |TAMS 0x0000000709800000, 0x0000000709800000| Untracked 
| 121|0x0000000709900000, 0x0000000709900000, 0x0000000709a00000|  0%| F|  |TAMS 0x0000000709900000, 0x0000000709900000| Untracked 
| 122|0x0000000709a00000, 0x0000000709a00000, 0x0000000709b00000|  0%| F|  |TAMS 0x0000000709a00000, 0x0000000709a00000| Untracked 
| 123|0x0000000709b00000, 0x0000000709b00000, 0x0000000709c00000|  0%| F|  |TAMS 0x0000000709b00000, 0x0000000709b00000| Untracked 
| 124|0x0000000709c00000, 0x0000000709c00000, 0x0000000709d00000|  0%| F|  |TAMS 0x0000000709c00000, 0x0000000709c00000| Untracked 
| 125|0x0000000709d00000, 0x0000000709d00000, 0x0000000709e00000|  0%| F|  |TAMS 0x0000000709d00000, 0x0000000709d00000| Untracked 
| 126|0x0000000709e00000, 0x0000000709e00000, 0x0000000709f00000|  0%| F|  |TAMS 0x0000000709e00000, 0x0000000709e00000| Untracked 
| 127|0x0000000709f00000, 0x0000000709f00000, 0x000000070a000000|  0%| F|  |TAMS 0x0000000709f00000, 0x0000000709f00000| Untracked 
| 128|0x000000070a000000, 0x000000070a000000, 0x000000070a100000|  0%| F|  |TAMS 0x000000070a000000, 0x000000070a000000| Untracked 
| 129|0x000000070a100000, 0x000000070a100000, 0x000000070a200000|  0%| F|  |TAMS 0x000000070a100000, 0x000000070a100000| Untracked 
| 130|0x000000070a200000, 0x000000070a200000, 0x000000070a300000|  0%| F|  |TAMS 0x000000070a200000, 0x000000070a200000| Untracked 
| 131|0x000000070a300000, 0x000000070a300000, 0x000000070a400000|  0%| F|  |TAMS 0x000000070a300000, 0x000000070a300000| Untracked 
| 132|0x000000070a400000, 0x000000070a400000, 0x000000070a500000|  0%| F|  |TAMS 0x000000070a400000, 0x000000070a400000| Untracked 
| 133|0x000000070a500000, 0x000000070a500000, 0x000000070a600000|  0%| F|  |TAMS 0x000000070a500000, 0x000000070a500000| Untracked 
| 134|0x000000070a600000, 0x000000070a600000, 0x000000070a700000|  0%| F|  |TAMS 0x000000070a600000, 0x000000070a600000| Untracked 
| 135|0x000000070a700000, 0x000000070a700000, 0x000000070a800000|  0%| F|  |TAMS 0x000000070a700000, 0x000000070a700000| Untracked 
| 136|0x000000070a800000, 0x000000070a800000, 0x000000070a900000|  0%| F|  |TAMS 0x000000070a800000, 0x000000070a800000| Untracked 
| 137|0x000000070a900000, 0x000000070a900000, 0x000000070aa00000|  0%| F|  |TAMS 0x000000070a900000, 0x000000070a900000| Untracked 
| 138|0x000000070aa00000, 0x000000070aa00000, 0x000000070ab00000|  0%| F|  |TAMS 0x000000070aa00000, 0x000000070aa00000| Untracked 
| 139|0x000000070ab00000, 0x000000070ab00000, 0x000000070ac00000|  0%| F|  |TAMS 0x000000070ab00000, 0x000000070ab00000| Untracked 
| 140|0x000000070ac00000, 0x000000070ac00000, 0x000000070ad00000|  0%| F|  |TAMS 0x000000070ac00000, 0x000000070ac00000| Untracked 
| 141|0x000000070ad00000, 0x000000070ad00000, 0x000000070ae00000|  0%| F|  |TAMS 0x000000070ad00000, 0x000000070ad00000| Untracked 
| 142|0x000000070ae00000, 0x000000070ae00000, 0x000000070af00000|  0%| F|  |TAMS 0x000000070ae00000, 0x000000070ae00000| Untracked 
| 143|0x000000070af00000, 0x000000070af00000, 0x000000070b000000|  0%| F|  |TAMS 0x000000070af00000, 0x000000070af00000| Untracked 
| 144|0x000000070b000000, 0x000000070b000000, 0x000000070b100000|  0%| F|  |TAMS 0x000000070b000000, 0x000000070b000000| Untracked 
| 145|0x000000070b100000, 0x000000070b100000, 0x000000070b200000|  0%| F|  |TAMS 0x000000070b100000, 0x000000070b100000| Untracked 
| 146|0x000000070b200000, 0x000000070b200000, 0x000000070b300000|  0%| F|  |TAMS 0x000000070b200000, 0x000000070b200000| Untracked 
| 147|0x000000070b300000, 0x000000070b300000, 0x000000070b400000|  0%| F|  |TAMS 0x000000070b300000, 0x000000070b300000| Untracked 
| 148|0x000000070b400000, 0x000000070b400000, 0x000000070b500000|  0%| F|  |TAMS 0x000000070b400000, 0x000000070b400000| Untracked 
| 149|0x000000070b500000, 0x000000070b500000, 0x000000070b600000|  0%| F|  |TAMS 0x000000070b500000, 0x000000070b500000| Untracked 
| 150|0x000000070b600000, 0x000000070b600000, 0x000000070b700000|  0%| F|  |TAMS 0x000000070b600000, 0x000000070b600000| Untracked 
| 151|0x000000070b700000, 0x000000070b700000, 0x000000070b800000|  0%| F|  |TAMS 0x000000070b700000, 0x000000070b700000| Untracked 
| 152|0x000000070b800000, 0x000000070b800000, 0x000000070b900000|  0%| F|  |TAMS 0x000000070b800000, 0x000000070b800000| Untracked 
| 153|0x000000070b900000, 0x000000070b900000, 0x000000070ba00000|  0%| F|  |TAMS 0x000000070b900000, 0x000000070b900000| Untracked 
| 154|0x000000070ba00000, 0x000000070ba00000, 0x000000070bb00000|  0%| F|  |TAMS 0x000000070ba00000, 0x000000070ba00000| Untracked 
| 155|0x000000070bb00000, 0x000000070bb00000, 0x000000070bc00000|  0%| F|  |TAMS 0x000000070bb00000, 0x000000070bb00000| Untracked 
| 156|0x000000070bc00000, 0x000000070bc00000, 0x000000070bd00000|  0%| F|  |TAMS 0x000000070bc00000, 0x000000070bc00000| Untracked 
| 157|0x000000070bd00000, 0x000000070bd00000, 0x000000070be00000|  0%| F|  |TAMS 0x000000070bd00000, 0x000000070bd00000| Untracked 
| 158|0x000000070be00000, 0x000000070be00000, 0x000000070bf00000|  0%| F|  |TAMS 0x000000070be00000, 0x000000070be00000| Untracked 
| 159|0x000000070bf00000, 0x000000070bf00000, 0x000000070c000000|  0%| F|  |TAMS 0x000000070bf00000, 0x000000070bf00000| Untracked 
| 160|0x000000070c000000, 0x000000070c000000, 0x000000070c100000|  0%| F|  |TAMS 0x000000070c000000, 0x000000070c000000| Untracked 
| 161|0x000000070c100000, 0x000000070c100000, 0x000000070c200000|  0%| F|  |TAMS 0x000000070c100000, 0x000000070c100000| Untracked 
| 162|0x000000070c200000, 0x000000070c200000, 0x000000070c300000|  0%| F|  |TAMS 0x000000070c200000, 0x000000070c200000| Untracked 
| 163|0x000000070c300000, 0x000000070c300000, 0x000000070c400000|  0%| F|  |TAMS 0x000000070c300000, 0x000000070c300000| Untracked 
| 164|0x000000070c400000, 0x000000070c400000, 0x000000070c500000|  0%| F|  |TAMS 0x000000070c400000, 0x000000070c400000| Untracked 
| 165|0x000000070c500000, 0x000000070c500000, 0x000000070c600000|  0%| F|  |TAMS 0x000000070c500000, 0x000000070c500000| Untracked 
| 166|0x000000070c600000, 0x000000070c600000, 0x000000070c700000|  0%| F|  |TAMS 0x000000070c600000, 0x000000070c600000| Untracked 
| 167|0x000000070c700000, 0x000000070c700000, 0x000000070c800000|  0%| F|  |TAMS 0x000000070c700000, 0x000000070c700000| Untracked 
| 168|0x000000070c800000, 0x000000070c880800, 0x000000070c900000| 50%| E|  |TAMS 0x000000070c800000, 0x000000070c800000| Complete 
| 169|0x000000070c900000, 0x000000070ca00000, 0x000000070ca00000|100%| E|CS|TAMS 0x000000070c900000, 0x000000070c900000| Complete 
| 170|0x000000070ca00000, 0x000000070cb00000, 0x000000070cb00000|100%| E|CS|TAMS 0x000000070ca00000, 0x000000070ca00000| Complete 
| 171|0x000000070cb00000, 0x000000070cc00000, 0x000000070cc00000|100%| E|CS|TAMS 0x000000070cb00000, 0x000000070cb00000| Complete 
| 172|0x000000070cc00000, 0x000000070cd00000, 0x000000070cd00000|100%| E|CS|TAMS 0x000000070cc00000, 0x000000070cc00000| Complete 
| 173|0x000000070cd00000, 0x000000070ce00000, 0x000000070ce00000|100%| E|CS|TAMS 0x000000070cd00000, 0x000000070cd00000| Complete 
| 174|0x000000070ce00000, 0x000000070cf00000, 0x000000070cf00000|100%| E|CS|TAMS 0x000000070ce00000, 0x000000070ce00000| Complete 
| 175|0x000000070cf00000, 0x000000070d000000, 0x000000070d000000|100%| E|CS|TAMS 0x000000070cf00000, 0x000000070cf00000| Complete 
| 176|0x000000070d000000, 0x000000070d100000, 0x000000070d100000|100%| E|CS|TAMS 0x000000070d000000, 0x000000070d000000| Complete 
| 177|0x000000070d100000, 0x000000070d200000, 0x000000070d200000|100%| E|CS|TAMS 0x000000070d100000, 0x000000070d100000| Complete 
| 178|0x000000070d200000, 0x000000070d300000, 0x000000070d300000|100%| E|CS|TAMS 0x000000070d200000, 0x000000070d200000| Complete 
| 179|0x000000070d300000, 0x000000070d400000, 0x000000070d400000|100%| E|CS|TAMS 0x000000070d300000, 0x000000070d300000| Complete 
| 180|0x000000070d400000, 0x000000070d500000, 0x000000070d500000|100%| E|CS|TAMS 0x000000070d400000, 0x000000070d400000| Complete 
| 181|0x000000070d500000, 0x000000070d600000, 0x000000070d600000|100%| E|CS|TAMS 0x000000070d500000, 0x000000070d500000| Complete 
| 182|0x000000070d600000, 0x000000070d700000, 0x000000070d700000|100%| E|CS|TAMS 0x000000070d600000, 0x000000070d600000| Complete 
| 183|0x000000070d700000, 0x000000070d800000, 0x000000070d800000|100%| E|CS|TAMS 0x000000070d700000, 0x000000070d700000| Complete 
| 184|0x000000070d800000, 0x000000070d900000, 0x000000070d900000|100%| E|CS|TAMS 0x000000070d800000, 0x000000070d800000| Complete 
| 185|0x000000070d900000, 0x000000070da00000, 0x000000070da00000|100%| E|CS|TAMS 0x000000070d900000, 0x000000070d900000| Complete 
| 186|0x000000070da00000, 0x000000070db00000, 0x000000070db00000|100%| E|CS|TAMS 0x000000070da00000, 0x000000070da00000| Complete 
| 187|0x000000070db00000, 0x000000070dc00000, 0x000000070dc00000|100%| E|CS|TAMS 0x000000070db00000, 0x000000070db00000| Complete 
| 188|0x000000070dc00000, 0x000000070dd00000, 0x000000070dd00000|100%| E|CS|TAMS 0x000000070dc00000, 0x000000070dc00000| Complete 
| 189|0x000000070dd00000, 0x000000070de00000, 0x000000070de00000|100%| E|CS|TAMS 0x000000070dd00000, 0x000000070dd00000| Complete 
| 190|0x000000070de00000, 0x000000070df00000, 0x000000070df00000|100%| E|CS|TAMS 0x000000070de00000, 0x000000070de00000| Complete 
| 191|0x000000070df00000, 0x000000070e000000, 0x000000070e000000|100%| E|CS|TAMS 0x000000070df00000, 0x000000070df00000| Complete 
| 192|0x000000070e000000, 0x000000070e100000, 0x000000070e100000|100%| E|CS|TAMS 0x000000070e000000, 0x000000070e000000| Complete 
| 193|0x000000070e100000, 0x000000070e200000, 0x000000070e200000|100%| E|CS|TAMS 0x000000070e100000, 0x000000070e100000| Complete 
| 194|0x000000070e200000, 0x000000070e300000, 0x000000070e300000|100%| E|CS|TAMS 0x000000070e200000, 0x000000070e200000| Complete 
| 195|0x000000070e300000, 0x000000070e400000, 0x000000070e400000|100%| E|CS|TAMS 0x000000070e300000, 0x000000070e300000| Complete 
| 196|0x000000070e400000, 0x000000070e500000, 0x000000070e500000|100%| E|CS|TAMS 0x000000070e400000, 0x000000070e400000| Complete 
| 197|0x000000070e500000, 0x000000070e600000, 0x000000070e600000|100%| E|CS|TAMS 0x000000070e500000, 0x000000070e500000| Complete 
| 198|0x000000070e600000, 0x000000070e700000, 0x000000070e700000|100%| E|CS|TAMS 0x000000070e600000, 0x000000070e600000| Complete 
| 199|0x000000070e700000, 0x000000070e800000, 0x000000070e800000|100%| E|CS|TAMS 0x000000070e700000, 0x000000070e700000| Complete 
| 200|0x000000070e800000, 0x000000070e900000, 0x000000070e900000|100%| E|CS|TAMS 0x000000070e800000, 0x000000070e800000| Complete 
| 201|0x000000070e900000, 0x000000070ea00000, 0x000000070ea00000|100%| E|CS|TAMS 0x000000070e900000, 0x000000070e900000| Complete 
| 202|0x000000070ea00000, 0x000000070eb00000, 0x000000070eb00000|100%| E|CS|TAMS 0x000000070ea00000, 0x000000070ea00000| Complete 
| 203|0x000000070eb00000, 0x000000070ec00000, 0x000000070ec00000|100%| E|CS|TAMS 0x000000070eb00000, 0x000000070eb00000| Complete 
| 204|0x000000070ec00000, 0x000000070ed00000, 0x000000070ed00000|100%| E|CS|TAMS 0x000000070ec00000, 0x000000070ec00000| Complete 
| 205|0x000000070ed00000, 0x000000070ee00000, 0x000000070ee00000|100%| E|CS|TAMS 0x000000070ed00000, 0x000000070ed00000| Complete 
| 206|0x000000070ee00000, 0x000000070ef00000, 0x000000070ef00000|100%| E|CS|TAMS 0x000000070ee00000, 0x000000070ee00000| Complete 
| 207|0x000000070ef00000, 0x000000070f000000, 0x000000070f000000|100%| E|CS|TAMS 0x000000070ef00000, 0x000000070ef00000| Complete 
| 208|0x000000070f000000, 0x000000070f100000, 0x000000070f100000|100%| E|CS|TAMS 0x000000070f000000, 0x000000070f000000| Complete 
| 209|0x000000070f100000, 0x000000070f200000, 0x000000070f200000|100%| E|CS|TAMS 0x000000070f100000, 0x000000070f100000| Complete 
| 210|0x000000070f200000, 0x000000070f300000, 0x000000070f300000|100%| E|CS|TAMS 0x000000070f200000, 0x000000070f200000| Complete 
| 211|0x000000070f300000, 0x000000070f400000, 0x000000070f400000|100%| E|CS|TAMS 0x000000070f300000, 0x000000070f300000| Complete 
| 212|0x000000070f400000, 0x000000070f500000, 0x000000070f500000|100%| E|CS|TAMS 0x000000070f400000, 0x000000070f400000| Complete 
| 213|0x000000070f500000, 0x000000070f600000, 0x000000070f600000|100%| E|CS|TAMS 0x000000070f500000, 0x000000070f500000| Complete 
| 214|0x000000070f600000, 0x000000070f700000, 0x000000070f700000|100%| E|CS|TAMS 0x000000070f600000, 0x000000070f600000| Complete 
| 215|0x000000070f700000, 0x000000070f800000, 0x000000070f800000|100%| E|CS|TAMS 0x000000070f700000, 0x000000070f700000| Complete 
| 216|0x000000070f800000, 0x000000070f900000, 0x000000070f900000|100%| E|CS|TAMS 0x000000070f800000, 0x000000070f800000| Complete 
| 217|0x000000070f900000, 0x000000070fa00000, 0x000000070fa00000|100%| E|CS|TAMS 0x000000070f900000, 0x000000070f900000| Complete 
| 218|0x000000070fa00000, 0x000000070fb00000, 0x000000070fb00000|100%| E|CS|TAMS 0x000000070fa00000, 0x000000070fa00000| Complete 
| 219|0x000000070fb00000, 0x000000070fc00000, 0x000000070fc00000|100%| E|CS|TAMS 0x000000070fb00000, 0x000000070fb00000| Complete 
| 220|0x000000070fc00000, 0x000000070fd00000, 0x000000070fd00000|100%| E|CS|TAMS 0x000000070fc00000, 0x000000070fc00000| Complete 
| 221|0x000000070fd00000, 0x000000070fe00000, 0x000000070fe00000|100%| E|CS|TAMS 0x000000070fd00000, 0x000000070fd00000| Complete 
| 222|0x000000070fe00000, 0x000000070ff00000, 0x000000070ff00000|100%| E|CS|TAMS 0x000000070fe00000, 0x000000070fe00000| Complete 
| 223|0x000000070ff00000, 0x0000000710000000, 0x0000000710000000|100%| E|CS|TAMS 0x000000070ff00000, 0x000000070ff00000| Complete 
| 224|0x0000000710000000, 0x0000000710100000, 0x0000000710100000|100%| E|CS|TAMS 0x0000000710000000, 0x0000000710000000| Complete 
| 225|0x0000000710100000, 0x0000000710200000, 0x0000000710200000|100%| E|CS|TAMS 0x0000000710100000, 0x0000000710100000| Complete 
| 226|0x0000000710200000, 0x0000000710300000, 0x0000000710300000|100%| E|CS|TAMS 0x0000000710200000, 0x0000000710200000| Complete 
| 227|0x0000000710300000, 0x0000000710400000, 0x0000000710400000|100%| S|CS|TAMS 0x0000000710300000, 0x0000000710300000| Complete 
| 228|0x0000000710400000, 0x0000000710500000, 0x0000000710500000|100%| S|CS|TAMS 0x0000000710400000, 0x0000000710400000| Complete 
| 229|0x0000000710500000, 0x0000000710600000, 0x0000000710600000|100%| S|CS|TAMS 0x0000000710500000, 0x0000000710500000| Complete 
| 230|0x0000000710600000, 0x0000000710700000, 0x0000000710700000|100%| E|CS|TAMS 0x0000000710600000, 0x0000000710600000| Complete 
| 231|0x0000000710700000, 0x0000000710800000, 0x0000000710800000|100%| E|CS|TAMS 0x0000000710700000, 0x0000000710700000| Complete 
| 232|0x0000000710800000, 0x0000000710900000, 0x0000000710900000|100%| E|CS|TAMS 0x0000000710800000, 0x0000000710800000| Complete 
| 233|0x0000000710900000, 0x0000000710a00000, 0x0000000710a00000|100%| E|CS|TAMS 0x0000000710900000, 0x0000000710900000| Complete 
| 234|0x0000000710a00000, 0x0000000710b00000, 0x0000000710b00000|100%| E|CS|TAMS 0x0000000710a00000, 0x0000000710a00000| Complete 
| 235|0x0000000710b00000, 0x0000000710c00000, 0x0000000710c00000|100%| E|CS|TAMS 0x0000000710b00000, 0x0000000710b00000| Complete 
| 236|0x0000000710c00000, 0x0000000710d00000, 0x0000000710d00000|100%| E|CS|TAMS 0x0000000710c00000, 0x0000000710c00000| Complete 
| 237|0x0000000710d00000, 0x0000000710e00000, 0x0000000710e00000|100%| E|CS|TAMS 0x0000000710d00000, 0x0000000710d00000| Complete 
| 238|0x0000000710e00000, 0x0000000710f00000, 0x0000000710f00000|100%| E|CS|TAMS 0x0000000710e00000, 0x0000000710e00000| Complete 
| 239|0x0000000710f00000, 0x0000000711000000, 0x0000000711000000|100%| E|CS|TAMS 0x0000000710f00000, 0x0000000710f00000| Complete 
| 240|0x0000000711000000, 0x0000000711100000, 0x0000000711100000|100%| E|CS|TAMS 0x0000000711000000, 0x0000000711000000| Complete 
| 241|0x0000000711100000, 0x0000000711200000, 0x0000000711200000|100%| E|CS|TAMS 0x0000000711100000, 0x0000000711100000| Complete 
| 242|0x0000000711200000, 0x0000000711300000, 0x0000000711300000|100%| E|CS|TAMS 0x0000000711200000, 0x0000000711200000| Complete 
| 243|0x0000000711300000, 0x0000000711400000, 0x0000000711400000|100%| E|CS|TAMS 0x0000000711300000, 0x0000000711300000| Complete 
| 244|0x0000000711400000, 0x0000000711500000, 0x0000000711500000|100%| E|CS|TAMS 0x0000000711400000, 0x0000000711400000| Complete 
| 245|0x0000000711500000, 0x0000000711600000, 0x0000000711600000|100%| E|CS|TAMS 0x0000000711500000, 0x0000000711500000| Complete 
| 246|0x0000000711600000, 0x0000000711700000, 0x0000000711700000|100%| E|CS|TAMS 0x0000000711600000, 0x0000000711600000| Complete 
| 247|0x0000000711700000, 0x0000000711800000, 0x0000000711800000|100%| E|CS|TAMS 0x0000000711700000, 0x0000000711700000| Complete 
| 248|0x0000000711800000, 0x0000000711900000, 0x0000000711900000|100%| E|CS|TAMS 0x0000000711800000, 0x0000000711800000| Complete 
| 249|0x0000000711900000, 0x0000000711a00000, 0x0000000711a00000|100%| E|CS|TAMS 0x0000000711900000, 0x0000000711900000| Complete 
| 250|0x0000000711a00000, 0x0000000711b00000, 0x0000000711b00000|100%| E|CS|TAMS 0x0000000711a00000, 0x0000000711a00000| Complete 
| 251|0x0000000711b00000, 0x0000000711c00000, 0x0000000711c00000|100%| E|CS|TAMS 0x0000000711b00000, 0x0000000711b00000| Complete 
| 252|0x0000000711c00000, 0x0000000711d00000, 0x0000000711d00000|100%| E|CS|TAMS 0x0000000711c00000, 0x0000000711c00000| Complete 
| 253|0x0000000711d00000, 0x0000000711e00000, 0x0000000711e00000|100%| E|CS|TAMS 0x0000000711d00000, 0x0000000711d00000| Complete 

Card table byte_map: [0x0000015ff71e0000,0x0000015ff79d0000] _byte_map_base: 0x0000015ff39d0000

Marking Bits (Prev, Next): (CMBitMap*) 0x0000015fec40eaa8, (CMBitMap*) 0x0000015fec40eae8
 Prev Bits: [0x0000015ff81c0000, 0x0000015ffc140000)
 Next Bits: [0x0000015f8f000000, 0x0000015f92f80000)

Polling page: 0x0000015fec480000

Metaspace:

Usage:
  Non-class:     17.76 MB capacity,    17.61 MB (>99%) used,   114.50 KB ( <1%) free+waste,    40.19 KB ( <1%) overhead. 
      Class:      2.31 MB capacity,     2.16 MB ( 94%) used,   127.89 KB (  5%) free+waste,    20.44 KB ( <1%) overhead. 
       Both:     20.07 MB capacity,    19.78 MB ( 99%) used,   242.39 KB (  1%) free+waste,    60.63 KB ( <1%) overhead. 

Virtual space:
  Non-class space:       18.00 MB reserved,      18.00 MB (100%) committed 
      Class space:        1.00 GB reserved,       2.38 MB ( <1%) committed 
             Both:        1.02 GB reserved,      20.38 MB (  2%) committed 

Chunk freelists:
   Non-Class:  6.25 KB
       Class:  640 bytes
        Both:  6.88 KB

CodeHeap 'non-profiled nmethods': size=120000Kb used=779Kb max_used=779Kb free=119220Kb
 bounds [0x0000015f87ad0000, 0x0000015f87d40000, 0x0000015f8f000000]
CodeHeap 'profiled nmethods': size=120000Kb used=3103Kb max_used=3103Kb free=116896Kb
 bounds [0x0000015f805a0000, 0x0000015f808b0000, 0x0000015f87ad0000]
CodeHeap 'non-nmethods': size=5760Kb used=1570Kb max_used=1594Kb free=4189Kb
 bounds [0x0000015f80000000, 0x0000015f80270000, 0x0000015f805a0000]
 total_blobs=2872 nmethods=1550 adapters=893
 compilation: enabled
              stopped_count=0, restarted_count=0
 full_count=0

Compilation events (10 events):
Event: 185.929 Thread 0x0000015ffecca800 1547       1       androidx.compose.ui.graphics.vector.PathParser$PathPoint::setY (6 bytes)
Event: 185.929 Thread 0x0000015ffecca800 nmethod 1547 0x0000015f87b8d010 code [0x0000015f87b8d1c0, 0x0000015f87b8d2f8]
Event: 185.929 Thread 0x0000015ffecca800 1548       1       androidx.compose.ui.graphics.vector.PathParser$PathPoint::getX (5 bytes)
Event: 185.929 Thread 0x0000015ffecca800 nmethod 1548 0x0000015f87b8d390 code [0x0000015f87b8d540, 0x0000015f87b8d678]
Event: 185.929 Thread 0x0000015ffecca800 1549       1       androidx.compose.ui.graphics.vector.PathParser$PathPoint::getY (5 bytes)
Event: 185.929 Thread 0x0000015ffecca800 nmethod 1549 0x0000015f87b8d710 code [0x0000015f87b8d8c0, 0x0000015f87b8d9f8]
Event: 185.929 Thread 0x0000015ffecca800 1550       1       org.jetbrains.skia.impl.CleanableImpl::getNext (5 bytes)
Event: 185.929 Thread 0x0000015ffecca800 nmethod 1550 0x0000015f87b8da90 code [0x0000015f87b8dc40, 0x0000015f87b8dd78]
Event: 185.929 Thread 0x0000015ffecca800 1551       1       java.lang.Float::floatValue (5 bytes)
Event: 185.929 Thread 0x0000015ffecca800 nmethod 1551 0x0000015f87b8de10 code [0x0000015f87b8dfc0, 0x0000015f87b8e0f8]

GC Heap History (2 events):
Event: 0.765 GC heap before
{Heap before GC invocations=0 (full 0):
 garbage-first heap   total 260096K, used 26624K [0x0000000702000000, 0x0000000800000000)
  region size 1024K, 24 young (24576K), 0 survivors (0K)
 Metaspace       used 5738K, capacity 7281K, committed 7424K, reserved 1056768K
  class space    used 502K, capacity 680K, committed 768K, reserved 1048576K
}
Event: 0.768 GC heap after
{Heap after GC invocations=1 (full 0):
 garbage-first heap   total 260096K, used 3495K [0x0000000702000000, 0x0000000800000000)
  region size 1024K, 3 young (3072K), 3 survivors (3072K)
 Metaspace       used 5738K, capacity 7281K, committed 7424K, reserved 1056768K
  class space    used 502K, capacity 680K, committed 768K, reserved 1048576K
}

Deoptimization events (10 events):
Event: 0.797 Thread 0x0000015f93825800 Uncommon trap: reason=class_check action=maybe_recompile pc=0x0000015f87adbd14 method=java.lang.String.equals(Ljava/lang/Object;)Z @ 8 c2
Event: 1.171 Thread 0x0000015f93825800 Uncommon trap: reason=unstable_if action=reinterpret pc=0x0000015f87b24150 method=java.lang.Integer.getChars(II[B)I @ 25 c2
Event: 1.230 Thread 0x0000015f93666800 Uncommon trap: reason=class_check action=maybe_recompile pc=0x0000015f87b1fa60 method=java.util.HashMap.putVal(ILjava/lang/Object;Ljava/lang/Object;ZZ)Ljava/lang/Object; @ 203 c2
Event: 1.230 Thread 0x0000015f93666800 Uncommon trap: reason=bimorphic_or_optimized_type_check action=maybe_recompile pc=0x0000015f87b1f99c method=java.util.HashMap.putVal(ILjava/lang/Object;Ljava/lang/Object;ZZ)Ljava/lang/Object; @ 91 c2
Event: 1.230 Thread 0x0000015f93666800 Uncommon trap: reason=class_check action=maybe_recompile pc=0x0000015f87b1fa60 method=java.util.HashMap.putVal(ILjava/lang/Object;Ljava/lang/Object;ZZ)Ljava/lang/Object; @ 203 c2
Event: 1.256 Thread 0x0000015f93825800 Uncommon trap: reason=unstable_if action=reinterpret pc=0x0000015f87af4018 method=java.lang.StringUTF16.compress([CI[BII)I @ 20 c2
Event: 1.262 Thread 0x0000015f93825800 Uncommon trap: reason=unstable_if action=reinterpret pc=0x0000015f87b060fc method=java.lang.String.startsWith(Ljava/lang/String;I)Z @ 14 c2
Event: 1.406 Thread 0x0000015f93825800 Uncommon trap: reason=unstable_if action=reinterpret pc=0x0000015f87af6638 method=java.lang.String.startsWith(Ljava/lang/String;I)Z @ 14 c2
Event: 36.620 Thread 0x0000015f93825800 Uncommon trap: reason=unstable_if action=reinterpret pc=0x0000015f87b43098 method=java.lang.Integer.stringSize(I)I @ 19 c2
Event: 185.913 Thread 0x0000015f93825800 Uncommon trap: reason=unstable_if action=reinterpret pc=0x0000015f87b8795c method=androidx.compose.ui.node.LayoutNodeWrapper.invalidateLayer()V @ 6 c2

Classes redefined (0 events):
No events

Internal exceptions (10 events):
Event: 0.774 Thread 0x0000015f93666800 Exception <a 'java/lang/NoSuchMethodError'{0x0000000711d05a28}: java.lang.invoke.DirectMethodHandle$Holder.invokeSpecial(Ljava/lang/Object;Ljava/lang/Object;)V> (0x0000000711d05a28) thrown at [t:/workspace/open/src/hotspot/share/interpreter/linkResolver.c
Event: 0.777 Thread 0x0000015fec3a5800 Exception <a 'java/lang/NoSuchMethodError'{0x0000000711d9c248}: java.lang.invoke.DirectMethodHandle$Holder.invokeStatic(Ljava/lang/Object;Ljava/lang/Object;Ljava/lang/Object;Ljava/lang/Object;Ljava/lang/Object;Ljava/lang/Object;Ljava/lang/Object;J)Ljava/l
Event: 1.162 Thread 0x0000015f93825800 Exception <a 'java/lang/NoSuchMethodError'{0x000000070ff2ac48}: java.lang.invoke.DirectMethodHandle$Holder.invokeStatic(Ljava/lang/Object;ILjava/lang/Object;Ljava/lang/Object;Ljava/lang/Object;Ljava/lang/Object;)Ljava/lang/Object;> (0x000000070ff2ac48) th
Event: 1.162 Thread 0x0000015f93825800 Exception <a 'java/lang/NoSuchMethodError'{0x000000070ff31b20}: java.lang.invoke.DirectMethodHandle$Holder.invokeStatic(Ljava/lang/Object;ILjava/lang/Object;Ljava/lang/Object;Ljava/lang/Object;)Ljava/lang/Object;> (0x000000070ff31b20) thrown at [t:/worksp
Event: 1.163 Thread 0x0000015f93825800 Exception <a 'java/lang/NoSuchMethodError'{0x000000070ff35628}: java.lang.invoke.DirectMethodHandle$Holder.invokeSpecial(Ljava/lang/Object;Ljava/lang/Object;ILjava/lang/Object;Ljava/lang/Object;Ljava/lang/Object;)Ljava/lang/Object;> (0x000000070ff35628) t
Event: 1.165 Thread 0x0000015f93825800 Exception <a 'java/lang/NoSuchMethodError'{0x000000070ff4c910}: java.lang.invoke.DirectMethodHandle$Holder.invokeStatic(Ljava/lang/Object;ILjava/lang/Object;)Ljava/lang/Object;> (0x000000070ff4c910) thrown at [t:/workspace/open/src/hotspot/share/interpret
Event: 1.180 Thread 0x0000015f93825800 Exception <a 'java/lang/ClassNotFoundException'{0x000000070fe11fc8}: com/sun/swing/internal/plaf/metal/resources/spi/metalProvider> (0x000000070fe11fc8) thrown at [t:/workspace/open/src/hotspot/share/classfile/systemDictionary.cpp, line 235]
Event: 1.181 Thread 0x0000015f93825800 Exception <a 'java/lang/ClassNotFoundException'{0x000000070fe1b998}: com/sun/swing/internal/plaf/basic/resources/spi/basicProvider> (0x000000070fe1b998) thrown at [t:/workspace/open/src/hotspot/share/classfile/systemDictionary.cpp, line 235]
Event: 1.245 Thread 0x0000015f93825800 Exception <a 'java/lang/NoSuchMethodError'{0x000000070f9fc4a8}: java.lang.invoke.DirectMethodHandle$Holder.invokeStaticInit(Ljava/lang/Object;)V> (0x000000070f9fc4a8) thrown at [t:/workspace/open/src/hotspot/share/interpreter/linkResolver.cpp, line 777]
Event: 1.265 Thread 0x0000015f93825800 Exception <a 'java/lang/NoSuchMethodError'{0x000000070f718600}: java.lang.invoke.Invokers$Holder.linkToTargetMethod(Ljava/lang/Object;ILjava/lang/Object;)Ljava/lang/Object;> (0x000000070f718600) thrown at [t:/workspace/open/src/hotspot/share/interpreter/l

Events (10 events):
Event: 185.930 loading class org/jetbrains/skiko/PictureHolder
Event: 185.930 loading class org/jetbrains/skiko/PictureHolder done
Event: 185.930 loading class org/jetbrains/skia/DirectContext
Event: 185.930 loading class org/jetbrains/skia/DirectContext done
Event: 185.930 loading class org/jetbrains/skia/DirectContext$Companion
Event: 185.930 loading class org/jetbrains/skia/DirectContext$Companion done
Event: 185.945 loading class org/jetbrains/skia/DirectContextKt
Event: 185.945 loading class org/jetbrains/skia/DirectContextKt done
Event: 185.952 loading class org/jetbrains/skia/Surface$Companion
Event: 185.952 loading class org/jetbrains/skia/Surface$Companion done


Dynamic libraries:
0x00007ff73a080000 - 0x00007ff73a08f000 	C:\Program Files\Java\jdk-12.0.2\bin\java.exe
0x00007ffb80e00000 - 0x00007ffb81009000 	C:\WINDOWS\SYSTEM32\ntdll.dll
0x00007ffb80070000 - 0x00007ffb8012d000 	C:\WINDOWS\System32\KERNEL32.DLL
0x00007ffb7e360000 - 0x00007ffb7e6d9000 	C:\WINDOWS\System32\KERNELBASE.dll
0x00007ffb7e6e0000 - 0x00007ffb7e7f1000 	C:\WINDOWS\System32\ucrtbase.dll
0x00007ffb4d340000 - 0x00007ffb4d356000 	C:\Program Files\Java\jdk-12.0.2\bin\VCRUNTIME140.dll
0x00007ffb4d320000 - 0x00007ffb4d338000 	C:\Program Files\Java\jdk-12.0.2\bin\jli.dll
0x00007ffb7f7f0000 - 0x00007ffb7f89e000 	C:\WINDOWS\System32\ADVAPI32.dll
0x00007ffb7f9c0000 - 0x00007ffb7fa63000 	C:\WINDOWS\System32\msvcrt.dll
0x00007ffb7f8a0000 - 0x00007ffb7f93e000 	C:\WINDOWS\System32\sechost.dll
0x00007ffb7fa80000 - 0x00007ffb7fba0000 	C:\WINDOWS\System32\RPCRT4.dll
0x00007ffb7f580000 - 0x00007ffb7f72c000 	C:\WINDOWS\System32\USER32.dll
0x00007ffb7e990000 - 0x00007ffb7e9b6000 	C:\WINDOWS\System32\win32u.dll
0x00007ffb7ec90000 - 0x00007ffb7ecb9000 	C:\WINDOWS\System32\GDI32.dll
0x00007ffb62950000 - 0x00007ffb62bf5000 	C:\WINDOWS\WinSxS\amd64_microsoft.windows.common-controls_6595b64144ccf1df_6.0.22000.120_none_9d947278b86cc467\COMCTL32.dll
0x00007ffb7e800000 - 0x00007ffb7e912000 	C:\WINDOWS\System32\gdi32full.dll
0x00007ffb7ea80000 - 0x00007ffb7eb1d000 	C:\WINDOWS\System32\msvcp_win.dll
0x00007ffb77b50000 - 0x00007ffb77b5a000 	C:\WINDOWS\SYSTEM32\VERSION.dll
0x00007ffb7f740000 - 0x00007ffb7f771000 	C:\WINDOWS\System32\IMM32.DLL
0x00007ffb16320000 - 0x00007ffb163ca000 	C:\Program Files\Java\jdk-12.0.2\bin\msvcp140.dll
0x00007ffb0fe30000 - 0x00007ffb109a7000 	C:\Program Files\Java\jdk-12.0.2\bin\server\jvm.dll
0x00007ffb7f730000 - 0x00007ffb7f738000 	C:\WINDOWS\System32\PSAPI.DLL
0x00007ffb661c0000 - 0x00007ffb661c9000 	C:\WINDOWS\SYSTEM32\WSOCK32.dll
0x00007ffb78a80000 - 0x00007ffb78ab3000 	C:\WINDOWS\SYSTEM32\WINMM.dll
0x00007ffb80d50000 - 0x00007ffb80dbf000 	C:\WINDOWS\System32\WS2_32.dll
0x00007ffb7d490000 - 0x00007ffb7d4a8000 	C:\WINDOWS\SYSTEM32\kernel.appcore.dll
0x00007ffb4d300000 - 0x00007ffb4d311000 	C:\Program Files\Java\jdk-12.0.2\bin\verify.dll
0x00007ffb7c040000 - 0x00007ffb7c261000 	C:\WINDOWS\SYSTEM32\DBGHELP.DLL
0x00007ffb71440000 - 0x00007ffb71471000 	C:\WINDOWS\SYSTEM32\dbgcore.DLL
0x00007ffb7e2e0000 - 0x00007ffb7e35f000 	C:\WINDOWS\System32\bcryptPrimitives.dll
0x00007ffb4d2d0000 - 0x00007ffb4d2f6000 	C:\Program Files\Java\jdk-12.0.2\bin\java.dll
0x00007ffb64460000 - 0x00007ffb64498000 	C:\Program Files\Java\jdk-12.0.2\bin\jdwp.dll
0x00007ffb7a650000 - 0x00007ffb7a65e000 	C:\Program Files\Java\jdk-12.0.2\bin\instrument.dll
0x00007ffb4d2b0000 - 0x00007ffb4d2c7000 	C:\Program Files\Java\jdk-12.0.2\bin\zip.dll
0x00007ffb644a0000 - 0x00007ffb644aa000 	C:\Program Files\Java\jdk-12.0.2\bin\jimage.dll
0x00007ffb80130000 - 0x00007ffb808e8000 	C:\WINDOWS\System32\SHELL32.dll
0x00007ffb7c420000 - 0x00007ffb7cc88000 	C:\WINDOWS\SYSTEM32\windows.storage.dll
0x00007ffb7fc90000 - 0x00007ffb80009000 	C:\WINDOWS\System32\combase.dll
0x00007ffb7c2b0000 - 0x00007ffb7c416000 	C:\WINDOWS\SYSTEM32\wintypes.dll
0x00007ffb7fba0000 - 0x00007ffb7fc8a000 	C:\WINDOWS\System32\SHCORE.dll
0x00007ffb80b20000 - 0x00007ffb80b7d000 	C:\WINDOWS\System32\shlwapi.dll
0x00007ffb7e210000 - 0x00007ffb7e231000 	C:\WINDOWS\SYSTEM32\profapi.dll
0x00007ffb7a5e0000 - 0x00007ffb7a5ea000 	C:\Program Files\Java\jdk-12.0.2\bin\dt_socket.dll
0x00007ffb7d8b0000 - 0x00007ffb7d917000 	C:\WINDOWS\system32\mswsock.dll
0x00007ffb15aa0000 - 0x00007ffb15ab9000 	C:\Program Files\Java\jdk-12.0.2\bin\net.dll
0x00007ffb78fa0000 - 0x00007ffb7918f000 	C:\WINDOWS\SYSTEM32\urlmon.dll
0x00007ffb78320000 - 0x00007ffb7842c000 	C:\WINDOWS\SYSTEM32\WINHTTP.dll
0x00007ffb78cb0000 - 0x00007ffb78f63000 	C:\WINDOWS\SYSTEM32\iertutil.dll
0x00007ffb78f70000 - 0x00007ffb78f98000 	C:\WINDOWS\SYSTEM32\srvcli.dll
0x00007ffb7cf40000 - 0x00007ffb7cf4c000 	C:\WINDOWS\SYSTEM32\netutils.dll
0x00007ffb15a80000 - 0x00007ffb15a93000 	C:\Program Files\Java\jdk-12.0.2\bin\nio.dll
0x00007ffb56cf0000 - 0x00007ffb56e8f000 	C:\Program Files\Java\jdk-12.0.2\bin\awt.dll
0x00007ffb80a40000 - 0x00007ffb80b16000 	C:\WINDOWS\System32\OLEAUT32.dll
0x00007ffb77b60000 - 0x00007ffb78118000 	C:\WINDOWS\SYSTEM32\d2d1.dll
0x00007ffb7b4a0000 - 0x00007ffb7b531000 	C:\WINDOWS\SYSTEM32\apphelp.dll
0x00007ffb7b590000 - 0x00007ffb7b63c000 	C:\WINDOWS\system32\uxtheme.dll
0x00007ffb80920000 - 0x00007ffb80a3e000 	C:\WINDOWS\System32\MSCTF.dll
0x00007ffb7ed50000 - 0x00007ffb7eeea000 	C:\WINDOWS\System32\ole32.dll
0x00007ffb7ba00000 - 0x00007ffb7ba2f000 	C:\WINDOWS\system32\DWMAPI.DLL
0x00007ffb447d0000 - 0x00007ffb448d1000 	C:\WINDOWS\system32\opengl32.dll
0x00007ffb44e10000 - 0x00007ffb44e3d000 	C:\WINDOWS\SYSTEM32\GLU32.dll
0x00007ffb7b840000 - 0x00007ffb7b878000 	C:\WINDOWS\SYSTEM32\dxcore.dll
0x00007ffb73820000 - 0x00007ffb73926000 	C:\WINDOWS\System32\DriverStore\FileRepository\nvle.inf_amd64_7d48343c542a4ab3\nvldumdx.dll
0x00007ffb7dbd0000 - 0x00007ffb7dbe2000 	C:\WINDOWS\SYSTEM32\msasn1.dll
0x00007ffb76e10000 - 0x00007ffb76e41000 	C:\WINDOWS\SYSTEM32\cryptnet.dll
0x00007ffb7eb20000 - 0x00007ffb7ec82000 	C:\WINDOWS\System32\CRYPT32.dll
0x00007ffb736d0000 - 0x00007ffb73819000 	C:\WINDOWS\SYSTEM32\drvstore.dll
0x00007ffb7e000000 - 0x00007ffb7e02c000 	C:\WINDOWS\SYSTEM32\devobj.dll
0x00007ffb7dfb0000 - 0x00007ffb7dffc000 	C:\WINDOWS\SYSTEM32\cfgmgr32.dll
0x00007ffb7db30000 - 0x00007ffb7db70000 	C:\WINDOWS\SYSTEM32\wldp.dll
0x00007ffb7daa0000 - 0x00007ffb7daac000 	C:\WINDOWS\SYSTEM32\cryptbase.dll
0x00007ffb7e920000 - 0x00007ffb7e987000 	C:\WINDOWS\System32\WINTRUST.DLL
0x00007ffb80900000 - 0x00007ffb8091f000 	C:\WINDOWS\System32\imagehlp.dll
0x00007ffb7db80000 - 0x00007ffb7db98000 	C:\WINDOWS\SYSTEM32\CRYPTSP.dll
0x00007ffb7d3f0000 - 0x00007ffb7d425000 	C:\WINDOWS\system32\rsaenh.dll
0x00007ffb7dcc0000 - 0x00007ffb7dce7000 	C:\WINDOWS\SYSTEM32\bcrypt.dll
0x00007ffb1c740000 - 0x00007ffb1dff1000 	C:\WINDOWS\System32\DriverStore\FileRepository\nvle.inf_amd64_7d48343c542a4ab3\nvd3dumx.dll
0x00007ffb77450000 - 0x00007ffb77494000 	C:\WINDOWS\SYSTEM32\directxdatabasehelper.dll
0x00007ffb7b8c0000 - 0x00007ffb7b8f4000 	C:\WINDOWS\SYSTEM32\ntmarta.dll
0x00007ffb7d920000 - 0x00007ffb7d944000 	C:\WINDOWS\SYSTEM32\gpapi.dll
0x00007ffadb920000 - 0x00007ffadc8c7000 	C:\Users\bruci\.skiko\b3c771e301b5b16c06aaacc0de998266b7bf66d0191c51cfe19fcd72512220b2\skiko-windows-x64.dll
0x00007ffb643e0000 - 0x00007ffb64460000 	C:\Program Files\Java\jdk-12.0.2\bin\freetype.dll
0x00007ffb62470000 - 0x00007ffb6251b000 	C:\Program Files\Java\jdk-12.0.2\bin\fontmanager.dll
0x00007ffb7a5d0000 - 0x00007ffb7a5d7000 	C:\Program Files\Java\jdk-12.0.2\bin\jawt.dll
0x00007ffb7b700000 - 0x00007ffb7b7f3000 	C:\WINDOWS\SYSTEM32\Dxgi.dll
0x00007ffb64530000 - 0x00007ffb64552000 	C:\WINDOWS\SYSTEM32\D3D12.dll
0x00007ffb56ae0000 - 0x00007ffb56ce4000 	C:\WINDOWS\SYSTEM32\D3D12Core.dll
0x00007ffb31700000 - 0x00007ffb36107000 	C:\WINDOWS\System32\DriverStore\FileRepository\nvle.inf_amd64_7d48343c542a4ab3\nvwgf2umx.dll
0x00007ffb643b0000 - 0x00007ffb643dd000 	C:\WINDOWS\SYSTEM32\D3DSCache.dll
0x00007ffb7d950000 - 0x00007ffb7d979000 	C:\WINDOWS\SYSTEM32\USERENV.dll
0x00007ffb7a6d0000 - 0x00007ffb7a936000 	C:\WINDOWS\SYSTEM32\twinapi.appcore.dll
0x00007ffb5b030000 - 0x00007ffb5b28f000 	C:\WINDOWS\SYSTEM32\dwrite.dll

dbghelp: loaded successfully - version: 4.0.5 - missing functions: none
symbol engine: initialized successfully - sym options: 0x614 - pdb path: .;C:\Program Files\Java\jdk-12.0.2\bin;C:\WINDOWS\SYSTEM32;C:\WINDOWS\WinSxS\amd64_microsoft.windows.common-controls_6595b64144ccf1df_6.0.22000.120_none_9d947278b86cc467;C:\Program Files\Java\jdk-12.0.2\bin\server;C:\WINDOWS\System32\DriverStore\FileRepository\nvle.inf_amd64_7d48343c542a4ab3;C:\Users\bruci\.skiko\b3c771e301b5b16c06aaacc0de998266b7bf66d0191c51cfe19fcd72512220b2

VM Arguments:
jvm_args: -agentlib:jdwp=transport=dt_socket,address=127.0.0.1:50906,suspend=y,server=n -javaagent:C:/Users/bruci/.gradle/caches/modules-2/files-2.1/org.jetbrains.kotlinx/kotlinx-coroutines-core-jvm/1.5.2/f4cc07a50437659e0043e7da762809a46932b6a0/kotlinx-coroutines-core-jvm-1.5.2.jar -javaagent:C:\Users\bruci\AppData\Local\JetBrains\IdeaIC2022.1\captureAgent\debugger-agent.jar=file:/C:/Users/bruci/AppData/Local/Temp/capture.props -Dfile.encoding=UTF-8 
java_command: com.aveo.presentation.MainKt
java_class_path (initial): C:\projects\AveoHelper\build\classes\kotlin\main;C:\projects\AveoHelper\build\tmp\kapt3\classes\main;C:\projects\AveoHelper\build\resources\main;C:\Users\bruci\.gradle\caches\modules-2\files-2.1\com.squareup.sqldelight\coroutines-extensions-jvm\1.5.3\151fda65193f849083b831de9d7e0dae8c2e33a8\sqldelight-coroutines-extensions-jvm-1.5.3.jar;C:\Users\bruci\.gradle\caches\modules-2\files-2.1\com.squareup.sqldelight\sqlite-driver\1.5.3\a800987b6e2a0cb7c05587c0599e271d1dc42d98\sqlite-driver-1.5.3.jar;C:\Users\bruci\.gradle\caches\modules-2\files-2.1\com.squareup.sqldelight\runtime-jvm\1.5.3\c1a8319b11e8d6351b6800149793b72f7086dca5\runtime-jvm-1.5.3.jar;C:\Users\bruci\.gradle\caches\modules-2\files-2.1\org.jetbrains.kotlin\kotlin-stdlib-jdk8\1.6.20\dab8089bca6ac0e394c37281ea8cff2f99acd421\kotlin-stdlib-jdk8-1.6.20.jar;C:\Users\bruci\.gradle\caches\modules-2\files-2.1\javax.inject\javax.inject\1\6975da39a7040257bd51d21a231b76c915872d38\javax.inject-1.jar;C:\Users\bruci\.gradle\caches\modules-2\files-2.1\mysql\mysql-connector-java\8.0.29\16bfffda393ac4fe56f0985f1f035b37d3fc48f\mysql-connector-java-8.0.29.jar;C:\Users\bruci\.gradle\caches\modules-2\files-2.1\org.jetbrains.kotlin\kotlin-stdlib-common\1.6.20\27b4562b6713d70f458c6d7ea39aadacb8e6a92b\kotlin-stdlib-common-1.6.20.jar;C:\Users\bruci\.gradle\caches\modules-2\files-2.1\com.squareup.sqldelight\jdbc-driver\1.5.3\f7dc41caacc914b6ca32768d9a1e618fabc104bd\jdbc-driver-1.5.3.jar;C:\Users\bruci\.gradle\caches\modules-2\files-2.1\org.kodein.di\kodein-di-jvm\7.12.0\f990f7094a82cfaa62a46cba4802d67ce2453037\kodein-di-jvm-7.12.0.jar;C:\Users\bruci\.gradle\caches\modules-2\files-2.1\org.jetbrains.kotlin\kotlin-stdlib-jdk7\1.6.20\f8629f336bad4001c89e9cffa5ef3d4b5d0f5e22\kotlin-stdlib-jdk7-1.6.20.jar;C:\Users\bruci\.gradle\caches\modules-2\files-2.1\org.jetbrains.kotlin\kotlin-stdlib\1.6.20\6cedc143badbb4f1c6b7f5a340b04edff1743208\kotlin-stdlib-1.6.20.jar;C:\Users\bruci\.gradle\caches\modules-2\files-2.1\co
Launcher Type: SUN_STANDARD

[Global flags]
     intx CICompilerCount                          = 4                                         {product} {ergonomic}
     uint ConcGCThreads                            = 2                                         {product} {ergonomic}
     uint G1ConcRefinementThreads                  = 8                                         {product} {ergonomic}
   size_t G1HeapRegionSize                         = 1048576                                   {product} {ergonomic}
    uintx GCDrainStackTargetSize                   = 64                                        {product} {ergonomic}
   size_t InitialHeapSize                          = 266338304                                 {product} {ergonomic}
   size_t MarkStackSize                            = 4194304                                   {product} {ergonomic}
   size_t MaxHeapSize                              = 4261412864                                {product} {ergonomic}
   size_t MaxNewSize                               = 2556428288                                {product} {ergonomic}
   size_t MinHeapDeltaBytes                        = 1048576                                   {product} {ergonomic}
    uintx NonNMethodCodeHeapSize                   = 5836300                                {pd product} {ergonomic}
    uintx NonProfiledCodeHeapSize                  = 122910970                              {pd product} {ergonomic}
    uintx ProfiledCodeHeapSize                     = 122910970                              {pd product} {ergonomic}
    uintx ReservedCodeCacheSize                    = 251658240                              {pd product} {ergonomic}
     bool SegmentedCodeCache                       = true                                      {product} {ergonomic}
     bool UseCompressedClassPointers               = true                                 {lp64_product} {ergonomic}
     bool UseCompressedOops                        = true                                 {lp64_product} {ergonomic}
     bool UseG1GC                                  = true                                      {product} {ergonomic}
     bool UseLargePagesIndividualAllocation        = false                                  {pd product} {ergonomic}

Logging:
Log output configuration:
 #0: stdout all=warning uptime,level,tags
 #1: stderr all=off uptime,level,tags

Environment Variables:
JAVA_HOME=C:\Program Files\Java\jdk-12.0.2
PATH=C:\Program Files\Common Files\Oracle\Java\javapath;C:\Program Files (x86)\Embarcadero\Studio\21.0\bin;C:\Users\Public\Documents\Embarcadero\Studio\21.0\Bpl;C:\Program Files (x86)\Embarcadero\Studio\21.0\bin64;C:\Users\Public\Documents\Embarcadero\Studio\21.0\Bpl\Win64;C:\Windows\system32;C:\Windows;C:\Windows\System32\Wbem;C:\Windows\System32\WindowsPowerShell\v1.0\;C:\Windows\System32\OpenSSH\;C:\Program Files (x86)\NVIDIA Corporation\PhysX\Common;C:\Program Files\Intel\WiFi\bin\;C:\Program Files\Common Files\Intel\WirelessCommon\;C:\ProgramData\chocolatey\bin;C:\Program Files\Microsoft VS Code\bin;C:\Program Files\Java\jdk-12.0.2\bin;C:\Program Files\PostgreSQL\12\bin;C:\Program Files\PostgreSQL\12\lib;C:\Program Files\dotnet\;C:\apache-maven-3.6.3\bin;C:\Program Files\Java\jdk-12.0.2;C:\Program Files\TortoiseSVN\bin;C:\WINDOWS\system32;C:\WINDOWS;C:\WINDOWS\System32\Wbem;C:\WINDOWS\System32\WindowsPowerShell\v1.0\;C:\WINDOWS\System32\OpenSSH\;C:\Program Files\Amazon\AWSSAMCLI\bin\;C:\Program Files\Amazon\AWSCLIV2\;C:\Program Files (x86)\Gpg4win\..\GnuPG\bin;C:\Program Files\VisualSVN Server\bin;C:\Program Files (x86)\Windows Kits\10\Windows Performance Toolkit\;C:\Program Files\Microsoft SQL Server\130\Tools\Binn\;C:\Program Files\Microsoft SQL Server\Client SDK\ODBC\170\Tools\Binn\;C:\WINDOWS\system32;C:\WINDOWS;C:\WINDOWS\System32\Wbem;C:\WINDOWS\System32\WindowsPowerShell\v1.0\;C:\WINDOWS\System32\OpenSSH\;C:\Program Files\Docker\Docker\resources\bin;C:\ProgramData\DockerDesktop\version-bin;C:\Program Files\Android\platform-tools;C:\Program Files\nodejs\;C:\Program Files\Git\cmd;C:\Program Files (x86)\dotnet\;C:\Program Files\PowerShell\7\;C:\Users\bruci\AppData\Local\Microsoft\WindowsApps;C:\Program Files\JetBrains\IntelliJ IDEA 2019.3.4\bin;C:\Users\bruci\AppData\Local\GitHubDesktop\bin;C:\projects\Microsoft VS Code\bin;C:\Program Files (x86)\Diffuse;C:\Program Files\JetBrains\IntelliJ IDEA 2020.2\bin;C:\Program Files\Candleworks\ForexConnectAPIx64\bin;C:\
USERNAME=bruci
OS=Windows_NT
PROCESSOR_IDENTIFIER=Intel64 Family 6 Model 158 Stepping 13, GenuineIntel



---------------  S Y S T E M  ---------------

OS: Windows 10 , 64 bit Build 22000 (10.0.22000.708)

CPU:total 8 (initial active 8) (8 cores per cpu, 1 threads per core) family 6 model 158 stepping 13, cmov, cx8, fxsr, mmx, sse, sse2, sse3, ssse3, sse4.1, sse4.2, popcnt, avx, avx2, aes, clmul, erms, 3dnowpref, lzcnt, tsc, tscinvbit, bmi1, bmi2, adx, fma

Memory: 4k page, system-wide physical 16254M (4665M free)
TotalPageFile size 23422M (AvailPageFile size 7446M)
current process WorkingSet (physical memory assigned to process): 225M, peak: 225M
current process commit charge ("private bytes"): 492M, peak: 501M

vm_info: Java HotSpot(TM) 64-Bit Server VM (12.0.2+10) for windows-amd64 JRE (12.0.2+10), built on Jul 16 2019 01:56:17 by "mach5one" with MS VC++ 15.5 (VS2017)

END.
